  MID CONCENTRATION PROJECTION FOR CO2
  MID CONCENTRATION PROJECTION FOR CH4
  MID 1990 FORCINGS FOR SO4 AEROSOL
 CLIMATE MODEL SELECTED = USER MODEL

 NO EXTRA FORCING ADDED

 CO2-DOUBLING FORCING IN W/M**2 = 3.708
 1990 DIRECT AEROSOL FORCING     =-0.300W/m**2  (INCLUDES SOOT)
 1990 INDIRECT AEROSOL FORCING        =-0.800W/m**2
 1990 BIOMASS AEROSOL FORCING         =-0.200W/m**2
 1990 NON-CH4-RELATED TROP O3 FORCING = 0.320W/m**2
 STRAT OZONE DEPLETION FEEDBACK INCLUDED
 STRAT H2O FROM CH4 : DELQH2O/DELQCH4 = 0.050

 *************************************************
 NSIM =  1 : DELT(2XCO2) = 2.500DEGC
 FULL GLOBAL SO2 EMISSIONS

 VARIABLE W : NH W = ZERO WHEN OCEAN TEMP =  7.0
 VARIABLE W : SH W = ZERO WHEN OCEAN TEMP =  7.0
 XKNS= 1.0 : XKLO= 1.0
 HM= 90.0M : XK=1.0000CM**2/SEC
 PI=0.2000 : INITIAL W= 4.00M/YR
 GSIC MODEL PARAMS : DTSTAR = 0.700 : DTEND = 3.000 : TAU  = 100.0 : INIT VOL =  30.0
 GREENLAND PARAMS  : BETA   = 0.030
 ANTARCTIC PARAMS  : BETA1  =-0.030 : BETA2= 0.010 : DB3   = 0.010

 DIFF/L SENSITIVITY CASE : RLO = 1.300 : XLAML =    0.6114 : XLAMO =    2.0046

 1880-1990 CHANGES : GLOBAL DTEMP =  0.234 :   DMSL =  5.546
           DTNHL =  0.168 : DTNHO =  0.258 :  DTSHL =  0.159 :   DTSHO =  0.272
            DTNH =  0.220 :  DTSH =  0.249 : DTLAND =  0.165 : DTOCEAN =  0.266

 ** TEMPERATURE AND SEA LEVEL CHANGES FROM 1990 **
      (FIRST LINE GIVES 1765-1990 CHANGES : ALL VALUES ARE MID-YEAR TO MID-YEAR)

 DT2X = 2.50 : VARIABLE W

 USER CLIMATE AND SEA LEVEL MODEL PARAMETERS
  YEAR DELTAQ    TEMP  TL/TO MSLTOT   EXPN   GLAC GREENL  ANTAR   WNH  YEAR
TO1990  1.083  0.3478  0.755   6.98   5.01   0.75   0.21   1.00  3.79
  1990  0.000  0.0000  0.755   0.00   0.00   0.00   0.00   0.00  3.79  1990
  1995  0.221  0.0871  0.970   0.90   0.57   0.24   0.06   0.02  3.74  1995
  2000  0.462  0.1854  1.140   2.00   1.25   0.57   0.15   0.04  3.70  2000
  2005  0.723  0.2944  1.271   3.32   2.04   0.99   0.25   0.04  3.64  2005
  2010  0.968  0.4017  1.340   4.84   2.94   1.49   0.38   0.03  3.59  2010
  2015  1.214  0.5113  1.390   6.56   3.93   2.08   0.54   0.01  3.54  2015
  2020  1.459  0.6230  1.429   8.45   5.00   2.75   0.72  -0.02  3.48  2020
  2025  1.728  0.7445  1.476  10.53   6.16   3.50   0.93  -0.06  3.42  2025
  2030  2.002  0.8716  1.514  12.80   7.42   4.34   1.16  -0.12  3.36  2030
  2035  2.285  1.0033  1.546  15.28   8.77   5.27   1.42  -0.18  3.29  2035
  2040  2.597  1.1495  1.589  17.98  10.24   6.29   1.72  -0.26  3.22  2040
  2045  2.908  1.3008  1.625  20.90  11.81   7.40   2.05  -0.36  3.15  2045
  2050  3.214  1.4543  1.655  24.03  13.48   8.61   2.41  -0.47  3.07  2050
  2055  3.450  1.5848  1.651  27.33  15.22   9.91   2.80  -0.60  3.00  2055
  2060  3.676  1.7073  1.647  30.70  16.98  11.22   3.23  -0.73  2.94  2060
  2065  3.895  1.8262  1.644  34.06  18.79  12.48   3.68  -0.88  2.88  2065
  2070  4.104  1.9394  1.638  37.43  20.64  13.68   4.15  -1.05  2.82  2070
  2075  4.317  2.0521  1.634  40.79  22.53  14.82   4.66  -1.22  2.76  2075
  2080  4.535  2.1654  1.630  44.16  24.47  15.91   5.18  -1.40  2.70  2080
  2085  4.748  2.2780  1.626  47.55  26.46  16.95   5.74  -1.60  2.64  2085
  2090  4.952  2.3881  1.621  50.94  28.50  17.93   6.31  -1.81  2.59  2090
  2095  5.148  2.4956  1.617  54.33  30.57  18.87   6.92  -2.02  2.53  2095
  2100  5.327  2.5967  1.610  57.72  32.67  19.75   7.54  -2.25  2.48  2100
  2105  5.500  2.6944  1.603  61.08  34.80  20.58   8.19  -2.49  2.42  2105
  2110  5.667  2.7895  1.597  64.44  36.96  21.36   8.86  -2.74  2.37  2110
  2115  5.830  2.8821  1.591  67.79  39.13  22.10   9.55  -2.99  2.32  2115
  2120  5.988  2.9724  1.586  71.12  41.33  22.78  10.26  -3.26  2.28  2120
  2125  6.141  3.0607  1.581  74.44  43.56  23.43  10.99  -3.54  2.23  2125
  2130  6.290  3.1470  1.576  77.75  45.80  24.03  11.74  -3.82  2.18  2130
  2135  6.434  3.2311  1.571  81.05  48.06  24.58  12.51  -4.11  2.14  2135
  2140  6.571  3.3126  1.567  84.34  50.34  25.10  13.30  -4.41  2.10  2140
  2145  6.702  3.3914  1.562  87.61  52.64  25.58  14.11  -4.72  2.05  2145
  2150  6.827  3.4676  1.558  90.87  54.95  26.03  14.94  -5.04  2.01  2150
  2155  6.946  3.5412  1.554  94.11  57.27  26.43  15.78  -5.36  1.97  2155
  2160  7.060  3.6123  1.550  97.34  59.59  26.81  16.63  -5.69  1.93  2160
  2165  7.170  3.6811  1.546 100.55  61.93  27.15  17.51  -6.03  1.90  2165
  2170  7.274  3.7476  1.542 103.74  64.27  27.46  18.40  -6.38  1.86  2170
  2175  7.374  3.8119  1.539 106.92  66.61  27.74  19.30  -6.73  1.83  2175
  2180  7.471  3.8743  1.536 110.08  68.96  27.99  20.22  -7.09  1.79  2180
  2185  7.564  3.9347  1.532 113.23  71.32  28.21  21.15  -7.45  1.76  2185
  2190  7.653  3.9933  1.529 116.36  73.67  28.41  22.09  -7.82  1.73  2190
  2195  7.740  4.0504  1.526 119.48  76.03  28.59  23.05  -8.19  1.70  2195
  2200  7.825  4.1060  1.524 122.58  78.40  28.74  24.02  -8.58  1.67  2200
  2205  7.907  4.1602  1.521 125.68  80.77  28.87  25.00  -8.96  1.64  2205
  2210  7.988  4.2133  1.518 128.76  83.14  28.98  26.00  -9.35  1.61  2210
  2215  8.067  4.2652  1.516 131.83  85.51  29.07  27.00  -9.75  1.58  2215
  2220  8.144  4.3161  1.514 134.90  87.89  29.14  28.02 -10.15  1.56  2220
  2225  8.220  4.3659  1.511 137.96  90.28  29.19  29.05 -10.56  1.53  2225
  2230  8.294  4.4148  1.509 141.01  92.66  29.23  30.09 -10.97  1.50  2230
  2235  8.366  4.4627  1.507 144.05  95.06  29.25  31.14 -11.39  1.48  2235
  2240  8.437  4.5098  1.505 147.09  97.45  29.25  32.21 -11.81  1.45  2240
  2245  8.507  4.5560  1.503 150.14  99.85  29.25  33.28 -12.24  1.43  2245
  2250  8.576  4.6014  1.501 153.20 102.26  29.25  34.36 -12.67  1.40  2250
  2255  8.643  4.6459  1.499 156.26 104.66  29.25  35.46 -13.11  1.38  2255
  2260  8.709  4.6897  1.498 159.34 107.07  29.25  36.56 -13.55  1.35  2260
  2265  8.774  4.7328  1.496 162.42 109.49  29.25  37.67 -13.99  1.33  2265
  2270  8.837  4.7751  1.494 165.51 111.91  29.25  38.79 -14.44  1.31  2270
  2275  8.900  4.8167  1.493 168.61 114.33  29.25  39.93 -14.89  1.29  2275
  2280  8.961  4.8577  1.491 171.73 116.76  29.25  41.07 -15.35  1.26  2280
  2285  9.021  4.8980  1.490 174.85 119.19  29.25  42.22 -15.81  1.24  2285
  2290  9.081  4.9377  1.488 177.98 121.63  29.25  43.38 -16.28  1.22  2290
  YEAR DELTAQ    TEMP  TL/TO MSLTOT   EXPN   GLAC GREENL  ANTAR   WNH  YEAR
   
   
 ****************************************************
   
 ** INPUT EMISSIONS **
    CO2=EFOSS+NETDEF : SO2 EMISSIONS RELATIVE TO 1990
 YEAR  EFOSS NETDEF     CH4    N2O SO2REG1 SO2REG2 SO2REG3  SO2TOT  YEAR
 1990  5.930  0.762   571.6  16.15    0.00    0.00    0.00    0.00  1990
 1995  6.523  0.984   577.2  16.36   -4.90    0.39    0.19   -4.32  1995
 2000  7.117  1.207   582.9  16.57   -9.81    0.78    0.39   -8.64  2000
 2005  7.710  1.550   588.5  16.78  -14.71    1.17    0.58  -12.96  2005
 2010  8.557  1.637   598.0  17.00  -16.97    1.76    0.42  -14.79  2010
 2015  9.403  1.723   607.6  17.22  -19.22    2.35    0.26  -16.61  2015
 2020 10.250  1.810   617.1  17.43  -21.48    2.94    0.10  -18.44  2020
 2025 11.070  1.687   630.5  17.66  -22.72    1.04   -0.30  -21.98  2025
 2030 11.890  1.563   643.8  17.89  -23.96   -0.85   -0.70  -25.51  2030
 2035 12.710  1.440   657.2  18.11  -25.20   -2.75   -1.10  -29.05  2035
 2040 13.307  1.510   650.1  18.23  -26.52   -6.54   -1.95  -35.00  2040
 2045 13.903  1.580   643.0  18.34  -27.83  -10.32   -2.80  -40.96  2045
 2050 14.500  1.650   635.9  18.45  -29.15  -14.11   -3.65  -46.91  2050
 2055 15.163  1.243   629.9  18.53  -29.54  -14.94   -3.87  -48.35  2055
 2060 15.827  0.837   623.9  18.61  -29.93  -15.78   -4.09  -49.80  2060
 2065 16.490  0.430   617.9  18.69  -30.32  -16.61   -4.31  -51.24  2065
 2070 17.280  0.337   615.3  18.67  -30.41  -17.02   -4.52  -51.94  2070
 2075 18.070  0.243   612.6  18.65  -30.50  -17.42   -4.72  -52.65  2075
 2080 18.860  0.150   609.9  18.62  -30.59  -17.83   -4.93  -53.35  2080
 2085 19.000  0.050   606.3  18.61  -30.68  -18.20   -5.10  -53.98  2085
 2090 19.140 -0.050   602.7  18.60  -30.77  -18.58   -5.26  -54.61  2090
 2095 19.280 -0.150   599.1  18.58  -30.86  -18.95   -5.43  -55.24  2095
 2100 19.280 -0.150   599.1  18.58  -30.86  -18.95   -5.43  -55.24  2100
 2105 19.280 -0.150   599.1  18.58  -30.86  -18.95   -5.43  -55.24  2105
 2110 19.280 -0.150   599.1  18.58  -30.86  -18.95   -5.43  -55.24  2110
 2115 19.280 -0.150   599.1  18.58  -30.86  -18.95   -5.43  -55.24  2115
 2120 19.280 -0.150   599.1  18.58  -30.86  -18.95   -5.43  -55.24  2120
 2125 19.280 -0.150   599.1  18.58  -30.86  -18.95   -5.43  -55.24  2125
 2130 19.280 -0.150   599.1  18.58  -30.86  -18.95   -5.43  -55.24  2130
 2135 19.280 -0.150   599.1  18.58  -30.86  -18.95   -5.43  -55.24  2135
 2140 19.280 -0.150   599.1  18.58  -30.86  -18.95   -5.43  -55.24  2140
 2145 19.280 -0.150   599.1  18.58  -30.86  -18.95   -5.43  -55.24  2145
 2150 19.280 -0.150   599.1  18.58  -30.86  -18.95   -5.43  -55.24  2150
 2155 19.280 -0.150   599.1  18.58  -30.86  -18.95   -5.43  -55.24  2155
 2160 19.280 -0.150   599.1  18.58  -30.86  -18.95   -5.43  -55.24  2160
 2165 19.280 -0.150   599.1  18.58  -30.86  -18.95   -5.43  -55.24  2165
 2170 19.280 -0.150   599.1  18.58  -30.86  -18.95   -5.43  -55.24  2170
 2175 19.280 -0.150   599.1  18.58  -30.86  -18.95   -5.43  -55.24  2175
 2180 19.280 -0.150   599.1  18.58  -30.86  -18.95   -5.43  -55.24  2180
 2185 19.280 -0.150   599.1  18.58  -30.86  -18.95   -5.43  -55.24  2185
 2190 19.280 -0.150   599.1  18.58  -30.86  -18.95   -5.43  -55.24  2190
 2195 19.280 -0.150   599.1  18.58  -30.86  -18.95   -5.43  -55.24  2195
 2200 19.280 -0.150   599.1  18.58  -30.86  -18.95   -5.43  -55.24  2200
 2205 19.280 -0.150   599.1  18.58  -30.86  -18.95   -5.43  -55.24  2205
 2210 19.280 -0.150   599.1  18.58  -30.86  -18.95   -5.43  -55.24  2210
 2215 19.280 -0.150   599.1  18.58  -30.86  -18.95   -5.43  -55.24  2215
 2220 19.280 -0.150   599.1  18.58  -30.86  -18.95   -5.43  -55.24  2220
 2225 19.280 -0.150   599.1  18.58  -30.86  -18.95   -5.43  -55.24  2225
 2230 19.280 -0.150   599.1  18.58  -30.86  -18.95   -5.43  -55.24  2230
 2235 19.280 -0.150   599.1  18.58  -30.86  -18.95   -5.43  -55.24  2235
 2240 19.280 -0.150   599.1  18.58  -30.86  -18.95   -5.43  -55.24  2240
 2245 19.280 -0.150   599.1  18.58  -30.86  -18.95   -5.43  -55.24  2245
 2250 19.280 -0.150   599.1  18.58  -30.86  -18.95   -5.43  -55.24  2250
 2255 19.280 -0.150   599.1  18.58  -30.86  -18.95   -5.43  -55.24  2255
 2260 19.280 -0.150   599.1  18.58  -30.86  -18.95   -5.43  -55.24  2260
 2265 19.280 -0.150   599.1  18.58  -30.86  -18.95   -5.43  -55.24  2265
 2270 19.280 -0.150   599.1  18.58  -30.86  -18.95   -5.43  -55.24  2270
 2275 19.280 -0.150   599.1  18.58  -30.86  -18.95   -5.43  -55.24  2275
 2280 19.280 -0.150   599.1  18.58  -30.86  -18.95   -5.43  -55.24  2280
 2285 19.280 -0.150   599.1  18.58  -30.86  -18.95   -5.43  -55.24  2285
 2290 19.280 -0.150   599.1  18.58  -30.86  -18.95   -5.43  -55.24  2290
 YEAR  EFOSS NETDEF     CH4    N2O SO2REG1 SO2REG2 SO2REG3  SO2TOT  YEAR
   
 ****************************************************
   
 ** CARBON CYCLE DETAILS **
 LOW CONC CASE  : NETDEF(80s) = 1.80GtC/yr : GIFFORD FERTILIZATION FACTOR = 1.327
 MID CONC CASE  : NETDEF(80s) = 1.10GtC/yr : GIFFORD FERTILIZATION FACTOR = 1.181
 HIGH CONC CASE : NETDEF(80s) = 0.40GtC/yr : GIFFORD FERTILIZATION FACTOR = 1.062
 USER CONC CASE : NETDEF(80s) = 1.10GtC/yr : GIFFORD FERTILIZATION FACTOR = 1.181

 ALL CASES USE 1980s MEAN OCEAN FLUX OF 2.0GtC/yr
 DETAILED CARBON CYCLE OUTPUT IS FOR USER CASE ONLY
 METHANE OXIDATION TERM INCLUDED IN EMISSIONS

                                                                             ENDYEAR
 YEAR ETOTAL  EFOSS CH4OXN   NETD GROSSD  OFLUX ABFRAC PLANT C HLITT    SOIL    CONC  DEL-M  YEAR
 1990   6.73   5.93   0.04   0.76   2.02   2.24  0.536   708.3  84.3  1416.7  354.41  3.609  1990
 1995   7.55   6.52   0.04   0.98   2.26   2.38  0.488   709.9  84.8  1417.2  362.62  3.688  1995
 2000   8.37   7.12   0.04   1.21   2.51   2.59  0.498   711.1  85.3  1417.8  371.99  4.171  2000
 2005   9.31   7.71   0.05   1.55   2.91   2.82  0.510   711.5  85.9  1418.1  382.63  4.744  2005
 2010  10.24   8.56   0.05   1.64   3.05   3.07  0.517   711.7  86.5  1418.4  394.59  5.298  2010
 2015  11.18   9.40   0.05   1.72   3.20   3.32  0.523   712.0  87.1  1418.8  407.84  5.844  2015
 2020  12.11  10.25   0.05   1.81   3.36   3.64  0.522   712.4  87.8  1419.4  422.28  6.321  2020
 2025  12.81  11.07   0.05   1.69   3.30   3.97  0.513   713.3  88.5  1420.2  437.52  6.571  2025
 2030  13.51  11.89   0.05   1.56   3.23   4.29  0.506   715.0  89.2  1421.4  453.37  6.839  2030
 2035  14.20  12.71   0.05   1.44   3.15   4.60  0.502   717.5  89.9  1423.0  469.88  7.124  2035
 2040  14.87  13.31   0.06   1.51   3.26   4.89  0.498   720.2  90.6  1424.9  487.05  7.406  2040
 2045  15.54  13.90   0.06   1.58   3.38   5.15  0.497   722.9  91.3  1426.8  504.93  7.727  2045
 2050  16.21  14.50   0.06   1.65   3.50   5.39  0.498   725.6  91.9  1428.9  523.61  8.066  2050
 2055  16.46  15.16   0.06   1.24   3.13   5.61  0.489   729.3  92.6  1431.5  542.56  8.047  2055
 2060  16.72  15.83   0.06   0.84   2.73   5.79  0.483   734.5  93.3  1434.7  561.56  8.083  2060
 2065  16.98  16.49   0.06   0.43   2.31   5.94  0.480   741.2  94.0  1438.7  580.69  8.151  2065
 2070  17.67  17.28   0.05   0.34   2.19   6.10  0.490   748.6  94.7  1443.2  600.61  8.657  2070
 2075  18.37  18.07   0.05   0.24   2.07   6.27  0.498   756.4  95.4  1448.1  621.69  9.148  2075
 2080  19.06  18.86   0.05   0.15   1.94   6.44  0.506   764.4  96.1  1453.2  643.94  9.643  2080
 2085  19.10  19.00   0.05   0.05   1.80   6.59  0.498   772.7  96.8  1458.7  666.44  9.512  2085
 2090  19.14  19.14   0.05  -0.05   1.66   6.70  0.493   781.3  97.5  1464.5  688.73  9.438  2090
 2095  19.18  19.28   0.05  -0.15   1.51   6.78  0.490   790.1  98.1  1470.6  710.90  9.396  2095
 2100  19.18  19.28   0.05  -0.15   1.46   6.85  0.487   798.9  98.7  1477.0  732.94  9.338  2100
 2105  19.18  19.28   0.05  -0.15   1.41   6.89  0.485   807.5  99.3  1483.5  754.88  9.302  2105
 2110  19.18  19.28   0.05  -0.15   1.36   6.93  0.484   816.0  99.9  1490.1  776.76  9.285  2110
 2115  19.18  19.28   0.05  -0.15   1.32   6.95  0.484   824.3 100.4  1496.8  798.62  9.282  2115
 2120  19.18  19.28   0.05  -0.15   1.27   6.96  0.484   832.3 101.0  1503.7  820.49  9.291  2120
 2125  19.18  19.28   0.05  -0.15   1.23   6.97  0.485   840.2 101.5  1510.6  842.40  9.310  2125
 2130  19.18  19.28   0.05  -0.15   1.18   7.00  0.485   847.9 101.9  1517.6  864.35  9.309  2130
 2135  19.18  19.28   0.05  -0.15   1.14   7.24  0.474   855.4 102.4  1524.7  885.98  9.100  2135
 2140  19.18  19.28   0.05  -0.15   1.10   7.48  0.463   862.7 102.8  1531.9  907.11  8.888  2140
 2145  19.18  19.28   0.05  -0.15   1.06   7.74  0.452   869.7 103.2  1539.0  927.74  8.674  2145
 2150  19.18  19.28   0.05  -0.15   1.02   7.99  0.441   876.6 103.6  1546.3  947.87  8.460  2150
 2155  19.18  19.28   0.05  -0.15   0.98   8.24  0.430   883.3 104.0  1553.5  967.50  8.249  2155
 2160  19.18  19.28   0.05  -0.15   0.95   8.49  0.419   889.7 104.4  1560.8  986.63  8.041  2160
 2165  19.18  19.28   0.05  -0.15   0.91   8.74  0.409   895.9 104.7  1568.0 1005.28  7.840  2165
 2170  19.18  19.28   0.05  -0.15   0.87   8.98  0.399   902.0 105.0  1575.3 1023.47  7.649  2170
 2175  19.18  19.28   0.05  -0.15   0.84   9.20  0.389   907.8 105.3  1582.5 1041.23  7.469  2175
 2180  19.18  19.28   0.05  -0.15   0.81   9.41  0.381   913.4 105.6  1589.8 1058.59  7.304  2180
 2185  19.18  19.28   0.05  -0.15   0.77   9.61  0.373   918.9 105.9  1597.0 1075.57  7.156  2185
 2190  19.18  19.28   0.05  -0.15   0.74   9.78  0.366   924.1 106.2  1604.2 1092.24  7.028  2190
 2195  19.18  19.28   0.05  -0.15   0.71   9.93  0.361   929.2 106.5  1611.3 1108.64  6.923  2195
 2200  19.18  19.28   0.05  -0.15   0.68  10.05  0.357   934.1 106.7  1618.4 1124.83  6.844  2200
 2205  19.18  19.28   0.05  -0.15   0.65  10.15  0.354   938.8 106.9  1625.5 1140.86  6.787  2205
 2210  19.18  19.28   0.05  -0.15   0.62  10.25  0.351   943.4 107.2  1632.5 1156.77  6.733  2210
 2215  19.18  19.28   0.05  -0.15   0.59  10.34  0.348   947.8 107.4  1639.5 1172.56  6.681  2215
 2220  19.18  19.28   0.05  -0.15   0.57  10.43  0.346   952.1 107.6  1646.5 1188.22  6.630  2220
 2225  19.18  19.28   0.05  -0.15   0.54  10.52  0.343   956.2 107.8  1653.3 1203.76  6.580  2225
 2230  19.18  19.28   0.05  -0.15   0.51  10.61  0.341   960.2 108.0  1660.2 1219.19  6.531  2230
 2235  19.18  19.28   0.05  -0.15   0.49  10.70  0.338   964.1 108.2  1666.9 1234.50  6.483  2235
 2240  19.18  19.28   0.05  -0.15   0.46  10.78  0.336   967.8 108.4  1673.7 1249.71  6.437  2240
 2245  19.18  19.28   0.05  -0.15   0.44  10.86  0.333   971.4 108.6  1680.3 1264.80  6.391  2245
 2250  19.18  19.28   0.05  -0.15   0.42  10.94  0.331   974.9 108.8  1686.9 1279.79  6.347  2250
 2255  19.18  19.28   0.05  -0.15   0.39  11.02  0.329   978.3 109.0  1693.5 1294.68  6.303  2255
 2260  19.18  19.28   0.05  -0.15   0.37  11.10  0.326   981.6 109.1  1699.9 1309.46  6.260  2260
 2265  19.18  19.28   0.05  -0.15   0.35  11.17  0.324   984.8 109.3  1706.4 1324.14  6.218  2265
 2270  19.18  19.28   0.05  -0.15   0.33  11.25  0.322   987.8 109.5  1712.7 1338.73  6.177  2270
 2275  19.18  19.28   0.05  -0.15   0.31  11.32  0.320   990.8 109.6  1719.0 1353.22  6.137  2275
 2280  19.18  19.28   0.05  -0.15   0.29  11.39  0.318   993.7 109.8  1725.2 1367.62  6.097  2280
 2285  19.18  19.28   0.05  -0.15   0.27  11.46  0.316   996.5 109.9  1731.4 1381.92  6.058  2285
 2290  19.18  19.28   0.05  -0.15   0.25  11.53  0.314   999.2 110.1  1737.4 1396.14  6.020  2290
 YEAR ETOTAL  EFOSS CH4OXN   NETD GROSSD  OFLUX ABFRAC PLANT C HLITT    SOIL    CONC  DEL-M  YEAR
   
 ****************************************************
   
 ** CONCENTRATIONS (CO2,PPMV : CH4,N2O,PPBV : REST,PPTV. MIDYEAR VALUES) **
     <- USER MODEL CONCS -><------ CH4 & CO2 MID CONCS & RANGES ------->
 YEAR    CO2     CH4    N2O  CH4LO CH4MID  CH4HI   CO2LO  CO2MID   CO2HI  YEAR TAUCH4
 1765  139.0   790.0  270.1                                               1765
 1770  278.1   790.3  270.5                                               1770
 1775  278.4   791.0  271.1                                               1775
 1780  278.7   792.3  271.6                                               1780
 1785  279.1   794.0  272.2                                               1785
 1790  279.6   796.3  272.7                                               1790
 1795  280.2   799.1  273.2                                               1795
 1800  280.8   802.4  273.8                                               1800
 1805  281.6   806.2  274.3                                               1805
 1810  282.3   810.5  274.9                                               1810
 1815  282.9   815.3  275.4                                               1815
 1820  283.5   820.6  275.9                                               1820
 1825  283.9   826.4  276.5                                               1825
 1830  284.4   832.7  277.0                                               1830
 1835  284.9   839.5  277.6                                               1835
 1840  285.5   846.8  278.1                                               1840
 1845  286.2   854.6  278.6                                               1845
 1850  286.9   863.0  279.2                                               1850
 1855  287.5   871.8  279.7                                               1855
 1860  288.0   881.2  280.3                                               1860
 1865  288.6   891.0  280.8                                               1865
 1870  289.3   901.4  281.4                                               1870
 1875  290.1   912.2  281.9                                               1875
 1880  291.1   923.6  282.4                                               1880
 1885  292.3   935.4  283.0                                               1885
 1890  293.6   947.8  283.5                                               1890
 1895  294.8   960.7  284.1                                               1895
 1900  296.0   974.1  284.6                                               1900
 1905  297.3   988.0  285.1                                               1905
 1910  298.8  1002.4  285.7                                               1910
 1915  300.4  1017.3  286.2                                               1915
 1920  301.9  1032.7  286.8                                               1920
 1925  303.5  1048.6  287.3                                               1925
 1930  304.9  1065.0  287.8                                               1930
 1935  306.3  1081.9  288.4                                               1935
 1940  307.7  1099.3  288.9                                               1940
 1945  309.2  1119.5  289.5                                               1945
 1950  311.2  1144.4  290.0                                               1950
 1955  313.6  1174.4  291.0                                               1955
 1960  316.6  1221.3  292.4                                               1960
 1965  320.3  1291.9  294.0                                               1965
 1970  325.2  1378.6  296.5                                               1970
 1975  331.2  1473.7  299.0                                               1975
 1980  338.2  1569.3  301.5                                               1980
 1985  345.8  1645.5  304.1                                               1985
 1990  353.6  1700.0  308.0  1700.  1700.  1700.   353.6   353.6   353.6  1990   9.08
 1995  361.7  1745.2  312.0  1743.  1745.  1747.   361.3   361.7   362.2  1995   9.14
 2000  371.0  1782.8  316.0  1777.  1783.  1789.   369.2   371.0   372.9  2000   9.19
 2005  381.5  1815.7  320.1  1804.  1816.  1827.   378.0   381.5   385.2  2005   9.24
 2010  393.3  1848.6  324.2  1832.  1849.  1865.   388.1   393.3   398.9  2010   9.29
 2015  406.5  1884.3  328.4  1861.  1884.  1907.   399.4   406.5   413.9  2015   9.33
 2020  420.8  1921.9  332.7  1892.  1922.  1952.   411.8   420.8   430.2  2020   9.38
 2025  436.0  1963.8  337.0  1927.  1964.  2002.   425.1   436.0   447.5  2025   9.44
 2030  451.8  2011.4  341.3  1967.  2011.  2059.   438.9   451.8   465.3  2030   9.50
 2035  468.2  2062.8  345.7  2010.  2063.  2120.   453.2   468.2   484.0  2035   9.57
 2040  485.3  2100.7  350.1  2038.  2101.  2168.   468.1   485.3   503.4  2040   9.62
 2045  503.1  2115.2  354.4  2045.  2115.  2192.   483.6   503.1   523.6  2045   9.64
 2050  521.7  2114.3  358.7  2040.  2114.  2199.   499.7   521.7   544.7  2050   9.64
 2055  540.7  2103.9  362.9  2027.  2104.  2193.   516.0   540.7   566.2  2055   9.62
 2060  559.7  2088.0  367.0  2011.  2088.  2180.   532.3   559.7   587.8  2060   9.60
 2065  578.8  2068.4  371.0  1993.  2068.  2160.   548.6   578.8   609.6  2065   9.58
 2070  598.6  2049.1  374.9  1976.  2049.  2140.   565.6   598.6   632.2  2070   9.55
 2075  619.5  2032.3  378.6  1962.  2032.  2121.   583.5   619.5   655.9  2075   9.53
 2080  641.7  2017.2  382.1  1950.  2017.  2103.   602.6   641.7   681.0  2080   9.51
 2085  664.2  2002.6  385.5  1938.  2003.  2085.   621.9   664.2   706.5  2085   9.49
 2090  686.5  1987.5  388.7  1926.  1987.  2067.   640.8   686.5   731.8  2090   9.47
 2095  708.7  1972.1  391.7  1914.  1972.  2048.   659.6   708.7   757.1  2095   9.45
 2100  730.7  1959.5  394.7  1904.  1960.  2032.   678.2   730.7   782.3  2100   9.44
 2105  752.7  1951.2  397.5  1899.  1951.  2020.   696.6   752.7   807.3  2105   9.43
 2110  774.6  1945.7  400.2  1895.  1946.  2012.   714.9   774.6   832.4  2110   9.42
 2115  796.4  1942.1  402.8  1893.  1942.  2006.   733.1   796.4   857.4  2115   9.41
 2120  818.3  1939.7  405.3  1892.  1940.  2002.   751.3   818.3   882.4  2120   9.41
 2125  840.2  1938.2  407.6  1891.  1938.  1999.   769.5   840.2   907.0  2125   9.41
 2130  862.2  1937.2  409.9  1891.  1937.  1996.   787.7   862.2   930.8  2130   9.41
 2135  883.8  1936.5  412.1  1891.  1936.  1995.   805.9   883.8   954.0  2135   9.41
 2140  905.0  1936.0  414.2  1891.  1936.  1994.   824.3   905.0   976.5  2140   9.41
 2145  925.7  1935.7  416.2  1890.  1936.  1993.   842.6   925.7   998.3  2145   9.41
 2150  945.9  1935.6  418.2  1890.  1936.  1992.   860.8   945.9  1019.5  2150   9.40
 2155  965.6  1935.4  420.0  1890.  1935.  1992.   878.7   965.6  1040.1  2155   9.40
 2160  984.7  1935.3  421.8  1890.  1935.  1992.   896.2   984.7  1060.1  2160   9.40
 2165 1003.4  1935.3  423.5  1890.  1935.  1992.   913.4  1003.4  1079.5  2165   9.40
 2170 1021.7  1935.3  425.1  1890.  1935.  1991.   930.3  1021.7  1098.4  2170   9.40
 2175 1039.5  1935.2  426.7  1890.  1935.  1991.   946.8  1039.5  1116.9  2175   9.40
 2180 1056.9  1935.2  428.2  1890.  1935.  1991.   963.0  1056.9  1135.0  2180   9.40
 2185 1073.9  1935.2  429.7  1890.  1935.  1991.   978.8  1073.9  1152.9  2185   9.40
 2190 1090.6  1935.2  431.1  1890.  1935.  1991.   994.4  1090.6  1170.5  2190   9.40
 2195 1107.0  1935.2  432.4  1890.  1935.  1991.  1009.7  1107.0  1187.9  2195   9.40
 2200 1123.2  1935.2  433.7  1890.  1935.  1991.  1024.7  1123.2  1205.2  2200   9.40
 2205 1139.3  1935.2  434.9  1890.  1935.  1991.  1039.4  1139.3  1222.2  2205   9.40
 2210 1155.2  1935.2  436.1  1890.  1935.  1991.  1054.0  1155.2  1239.1  2210   9.40
 2215 1171.0  1935.2  437.2  1890.  1935.  1991.  1068.3  1171.0  1255.7  2215   9.40
 2220 1186.7  1935.2  438.3  1890.  1935.  1991.  1082.5  1186.7  1272.3  2220   9.40
 2225 1202.2  1935.2  439.3  1890.  1935.  1991.  1096.6  1202.2  1288.6  2225   9.40
 2230 1217.6  1935.2  440.3  1890.  1935.  1991.  1110.7  1217.6  1304.8  2230   9.40
 2235 1233.0  1935.2  441.2  1890.  1935.  1991.  1124.6  1233.0  1320.8  2235   9.40
 2240 1248.2  1935.2  442.2  1890.  1935.  1991.  1138.6  1248.2  1336.7  2240   9.40
 2245 1263.3  1935.2  443.0  1890.  1935.  1991.  1152.4  1263.3  1352.4  2245   9.40
 2250 1278.3  1935.2  443.9  1890.  1935.  1991.  1166.2  1278.3  1368.0  2250   9.40
 2255 1293.2  1935.2  444.7  1890.  1935.  1991.  1180.0  1293.2  1383.4  2255   9.40
 2260 1308.0  1935.2  445.4  1890.  1935.  1991.  1193.7  1308.0  1398.7  2260   9.40
 2265 1322.7  1935.2  446.2  1890.  1935.  1991.  1207.3  1322.7  1413.9  2265   9.40
 2270 1337.3  1935.2  446.9  1890.  1935.  1991.  1220.9  1337.3  1429.0  2270   9.40
 2275 1351.8  1935.2  447.6  1890.  1935.  1991.  1234.4  1351.8  1443.9  2275   9.40
 2280 1366.2  1935.2  448.2  1890.  1935.  1991.  1247.9  1366.2  1458.7  2280   9.40
 2285 1380.5  1935.2  448.9  1890.  1935.  1991.  1261.4  1380.5  1473.4  2285   9.40
 2290 1394.7  1935.2  449.5  1890.  1935.  1991.  1274.7  1394.7  1487.9  2290   9.40
 YEAR    CO2     CH4    N2O  CH4LO CH4MID  CH4HI   CO2LO  CO2MID   CO2HI  YEAR TAUCH4
     <- USER MODEL CONCS -><------ CH4 & CO2 MID CONCS & RANGES ------->
   
 ****************************************************
   
 ** GAS BY GAS DELTA-Q FROM 1990 : MIDYEAR VALUES **
 (BASED ON MID-YEAR FORCING VALUES : QEXTRA NOT INCLUDED)
 YEAR     CO2  CH4tot     N2O HALOtot  TROPO3  SO4DIR  SO4IND  BIOAER    TOTAL  CH4-O3 STRATO3
 1990  0.0000  0.0000  0.0000  0.0000  0.0000  0.0000  0.0000  0.0000  0.00000  0.0000  0.0000
 1995  0.1213  0.0181  0.0128  0.0143  0.0039  0.0185  0.0320  0.0000  0.22084  0.0039 -0.0354
 2000  0.2566  0.0329  0.0256  0.0373  0.0071  0.0369  0.0653  0.0000  0.46173  0.0071 -0.0390
 2005  0.4059  0.0458  0.0385  0.0692  0.0100  0.0549  0.0990  0.0000  0.72331  0.0100 -0.0258
 2010  0.5693  0.0585  0.0515  0.0978  0.0128  0.0632  0.1152  0.0000  0.96827  0.0128 -0.0135
 2015  0.7449  0.0722  0.0645  0.1152  0.0159  0.0710  0.1306  0.0000  1.21435  0.0159 -0.0018
 2020  0.9302  0.0865  0.0777  0.1193  0.0192  0.0792  0.1471  0.0000  1.45910  0.0192  0.0117
 2025  1.1198  0.1022  0.0909  0.1205  0.0228  0.0940  0.1777  0.0000  1.72773  0.0228  0.0272
 2030  1.3101  0.1199  0.1042  0.1219  0.0269  0.1091  0.2102  0.0000  2.00232  0.0269  0.0409
 2035  1.5013  0.1387  0.1175  0.1255  0.0313  0.1248  0.2454  0.0000  2.28454  0.0313  0.0535
 2040  1.6933  0.1525  0.1308  0.1317  0.0346  0.1497  0.3048  0.0000  2.59725  0.0346  0.0645
 2045  1.8861  0.1577  0.1438  0.1390  0.0358  0.1752  0.3702  0.0000  2.90773  0.0358  0.0744
 2050  2.0803  0.1574  0.1565  0.1464  0.0358  0.1996  0.4385  0.0000  3.21444  0.0358  0.0835
 2055  2.2712  0.1536  0.1689  0.1554  0.0349  0.2068  0.4595  0.0000  3.45032  0.0349  0.0920
 2060  2.4559  0.1479  0.1810  0.1663  0.0335  0.2130  0.4781  0.0000  3.67561  0.0335  0.0995
 2065  2.6356  0.1408  0.1927  0.1785  0.0318  0.2190  0.4967  0.0000  3.89502  0.0318  0.1062
 2070  2.8155  0.1337  0.2041  0.1915  0.0301  0.2221  0.5067  0.0000  4.10378  0.0301  0.1122
 2075  2.9997  0.1276  0.2148  0.2051  0.0287  0.2251  0.5163  0.0000  4.31733  0.0287  0.1177
 2080  3.1875  0.1220  0.2249  0.2191  0.0274  0.2281  0.5259  0.0000  4.53501  0.0274  0.1227
 2085  3.3722  0.1166  0.2346  0.2330  0.0261  0.2308  0.5347  0.0000  4.74808  0.0261  0.1272
 2090  3.5489  0.1110  0.2438  0.2464  0.0248  0.2335  0.5436  0.0000  4.95211  0.0248  0.1314
 2095  3.7190  0.1053  0.2525  0.2596  0.0235  0.2361  0.5521  0.0000  5.14809  0.0235  0.1352
 2100  3.8830  0.1006  0.2608  0.2709  0.0224  0.2362  0.5525  0.0000  5.32651  0.0224  0.1387
 2105  4.0413  0.0975  0.2688  0.2818  0.0217  0.2362  0.5525  0.0000  5.49985  0.0217  0.1449
 2110  4.1946  0.0954  0.2764  0.2910  0.0212  0.2362  0.5525  0.0000  5.66749  0.0212  0.1449
 2115  4.3435  0.0941  0.2837  0.2989  0.0209  0.2362  0.5525  0.0000  5.82988  0.0209  0.1449
 2120  4.4885  0.0932  0.2906  0.3058  0.0207  0.2362  0.5525  0.0000  5.98754  0.0207  0.1449
 2125  4.6298  0.0926  0.2973  0.3120  0.0206  0.2362  0.5525  0.0000  6.14093  0.0206  0.1449
 2130  4.7677  0.0922  0.3036  0.3175  0.0205  0.2362  0.5525  0.0000  6.29038  0.0205  0.1449
 2135  4.9006  0.0920  0.3097  0.3227  0.0204  0.2362  0.5525  0.0000  6.43416  0.0204  0.1449
 2140  5.0273  0.0918  0.3155  0.3275  0.0204  0.2362  0.5525  0.0000  6.57130  0.0204  0.1449
 2145  5.1482  0.0917  0.3211  0.3320  0.0203  0.2362  0.5525  0.0000  6.70215  0.0203  0.1449
 2150  5.2636  0.0916  0.3264  0.3364  0.0203  0.2362  0.5525  0.0000  6.82706  0.0203  0.1449
 2155  5.3737  0.0916  0.3315  0.3405  0.0203  0.2362  0.5525  0.0000  6.94637  0.0203  0.1449
 2160  5.4790  0.0915  0.3364  0.3445  0.0203  0.2362  0.5525  0.0000  7.06042  0.0203  0.1449
 2165  5.5796  0.0915  0.3410  0.3483  0.0203  0.2362  0.5525  0.0000  7.16955  0.0203  0.1449
 2170  5.6760  0.0915  0.3455  0.3520  0.0203  0.2362  0.5525  0.0000  7.27411  0.0203  0.1449
 2175  5.7684  0.0915  0.3498  0.3557  0.0203  0.2362  0.5525  0.0000  7.37442  0.0203  0.1449
 2180  5.8572  0.0915  0.3539  0.3592  0.0203  0.2362  0.5525  0.0000  7.47085  0.0203  0.1449
 2185  5.9426  0.0915  0.3578  0.3627  0.0203  0.2362  0.5525  0.0000  7.56374  0.0203  0.1449
 2190  6.0252  0.0915  0.3616  0.3661  0.0203  0.2362  0.5525  0.0000  7.65346  0.0203  0.1449
 2195  6.1052  0.0915  0.3652  0.3695  0.0203  0.2362  0.5525  0.0000  7.74039  0.0203  0.1449
 2200  6.1829  0.0915  0.3686  0.3728  0.0203  0.2362  0.5525  0.0000  7.82491  0.0203  0.1449
 2205  6.2588  0.0915  0.3719  0.3761  0.0203  0.2362  0.5525  0.0000  7.90739  0.0203  0.1449
 2210  6.3331  0.0915  0.3751  0.3793  0.0203  0.2362  0.5525  0.0000  7.98803  0.0203  0.1449
 2215  6.4057  0.0915  0.3781  0.3825  0.0203  0.2362  0.5525  0.0000  8.06692  0.0203  0.1449
 2220  6.4769  0.0915  0.3810  0.3857  0.0203  0.2362  0.5525  0.0000  8.14413  0.0203  0.1449
 2225  6.5465  0.0915  0.3838  0.3889  0.0203  0.2362  0.5525  0.0000  8.21972  0.0203  0.1449
 2230  6.6148  0.0915  0.3864  0.3920  0.0203  0.2362  0.5525  0.0000  8.29377  0.0203  0.1449
 2235  6.6817  0.0915  0.3890  0.3951  0.0203  0.2362  0.5525  0.0000  8.36634  0.0203  0.1449
 2240  6.7473  0.0915  0.3914  0.3982  0.0203  0.2362  0.5525  0.0000  8.43747  0.0203  0.1449
 2245  6.8117  0.0915  0.3938  0.4012  0.0203  0.2362  0.5525  0.0000  8.50724  0.0203  0.1449
 2250  6.8748  0.0915  0.3960  0.4043  0.0203  0.2362  0.5525  0.0000  8.57567  0.0203  0.1449
 2255  6.9368  0.0915  0.3982  0.4073  0.0203  0.2362  0.5525  0.0000  8.64284  0.0203  0.1449
 2260  6.9977  0.0915  0.4002  0.4103  0.0203  0.2362  0.5525  0.0000  8.70877  0.0203  0.1449
 2265  7.0574  0.0915  0.4022  0.4133  0.0203  0.2362  0.5525  0.0000  8.77352  0.0203  0.1449
 2270  7.1162  0.0915  0.4041  0.4163  0.0203  0.2362  0.5525  0.0000  8.83713  0.0203  0.1449
 2275  7.1739  0.0915  0.4059  0.4193  0.0203  0.2362  0.5525  0.0000  8.89963  0.0203  0.1449
 2280  7.2306  0.0915  0.4076  0.4223  0.0203  0.2362  0.5525  0.0000  8.96106  0.0203  0.1449
 2285  7.2863  0.0915  0.4093  0.4252  0.0203  0.2362  0.5525  0.0000  9.02145  0.0203  0.1449
 2290  7.3412  0.0915  0.4109  0.4282  0.0203  0.2362  0.5525  0.0000  9.08085  0.0203  0.1449
 YEAR     CO2  CH4tot     N2O HALOtot  TROPO3  SO4DIR  SO4IND  BIOAER    TOTAL  CH4-O3 STRATO3
   
 ****************************************************
   
 ** GAS BY GAS DELTA-Q FROM 1765 : MIDYEAR VALUES **
 (BASED ON MID-YEAR FORCING VALUES : QEXTRA NOT INCLUDED)
 YEAR     CO2  CH4tot     N2O HALOtot  TROPO3  SO4DIR  SO4IND  BIOAER    TOTAL  CH4-O3 STRATO3
 1770  0.0031  0.0002  0.0017  0.0000  0.0000  0.0000  0.0000  0.0000  0.00497  0.0000  0.0000
 1775  0.0079  0.0006  0.0035  0.0000  0.0001  0.0000  0.0000  0.0000  0.01216  0.0001  0.0000
 1780  0.0142  0.0014  0.0054  0.0000  0.0002  0.0000  0.0000  0.0000  0.02114  0.0002  0.0000
 1785  0.0220  0.0024  0.0072  0.0000  0.0003  0.0000  0.0000  0.0000  0.03199  0.0003  0.0000
 1790  0.0314  0.0038  0.0091  0.0000  0.0005  0.0000  0.0000  0.0000  0.04474  0.0005  0.0000
 1795  0.0423  0.0054  0.0109  0.0000  0.0008  0.0000  0.0000  0.0000  0.05945  0.0008  0.0000
 1800  0.0549  0.0074  0.0128  0.0000  0.0011  0.0000  0.0000  0.0000  0.07605  0.0011  0.0000
 1805  0.0683  0.0096  0.0146  0.0000  0.0014  0.0000  0.0000  0.0000  0.09388  0.0014  0.0000
 1810  0.0816  0.0121  0.0164  0.0000  0.0018  0.0000  0.0000  0.0000  0.11197  0.0018  0.0000
 1815  0.0939  0.0150  0.0183  0.0000  0.0022  0.0000  0.0000  0.0000  0.12931  0.0022  0.0000
 1820  0.1043  0.0181  0.0201  0.0000  0.0026  0.0000  0.0000  0.0000  0.14511  0.0026  0.0000
 1825  0.1133  0.0215  0.0219  0.0000  0.0031  0.0000  0.0000  0.0000  0.15984  0.0031  0.0000
 1830  0.1220  0.0252  0.0238  0.0000  0.0037  0.0000  0.0000  0.0000  0.17459  0.0037  0.0000
 1835  0.1316  0.0291  0.0256  0.0000  0.0043  0.0000  0.0000  0.0000  0.19055  0.0043  0.0000
 1840  0.1433  0.0333  0.0274  0.0000  0.0049  0.0000  0.0000  0.0000  0.20894  0.0049  0.0000
 1845  0.1566  0.0378  0.0293  0.0000  0.0056  0.0000  0.0000  0.0000  0.22931  0.0056  0.0000
 1850  0.1691  0.0426  0.0311  0.0000  0.0064  0.0000  0.0000  0.0000  0.24923  0.0063  0.0000
 1855  0.1801  0.0476  0.0329  0.0000  0.0090  0.0000  0.0000  0.0000  0.26968  0.0071  0.0000
 1860  0.1899  0.0529  0.0347  0.0000  0.0118  0.0000  0.0000  0.0000  0.28940  0.0079  0.0000
 1865  0.2003  0.0585  0.0366  0.0000  0.0146 -0.0056 -0.0251  0.0000  0.27918  0.0087  0.0000
 1870  0.2129  0.0643  0.0384  0.0000  0.0175 -0.0113 -0.0495  0.0000  0.27217  0.0096  0.0000
 1875  0.2284  0.0703  0.0402  0.0000  0.0204 -0.0169 -0.0732  0.0000  0.26912  0.0105  0.0000
 1880  0.2473  0.0766  0.0420  0.0000  0.0233 -0.0225 -0.0963  0.0000  0.27041  0.0115  0.0000
 1885  0.2690  0.0831  0.0438  0.0000  0.0263 -0.0282 -0.1186  0.0000  0.27542  0.0126  0.0000
 1890  0.2922  0.0899  0.0456  0.0000  0.0295 -0.0338 -0.1404  0.0000  0.28299  0.0136  0.0000
 1895  0.3151  0.0968  0.0474  0.0000  0.0352 -0.0394 -0.1617  0.0000  0.29350  0.0147  0.0000
 1900  0.3367  0.1040  0.0493  0.0000  0.0412 -0.0451 -0.1823  0.0000  0.30379  0.0159  0.0000
 1905  0.3602  0.1115  0.0511  0.0000  0.0471 -0.0507 -0.2025 -0.0030  0.31360  0.0171  0.0000
 1910  0.3865  0.1191  0.0529  0.0000  0.0531 -0.0563 -0.2222 -0.0063  0.32677  0.0183  0.0000
 1915  0.4141  0.1269  0.0547  0.0000  0.0592 -0.0620 -0.2414 -0.0097  0.34189  0.0196  0.0000
 1920  0.4420  0.1350  0.0565  0.0000  0.0653 -0.0676 -0.2602 -0.0130  0.35799  0.0209  0.0000
 1925  0.4695  0.1432  0.0583  0.0000  0.0714 -0.0732 -0.2785 -0.0163  0.37434  0.0223  0.0000
 1930  0.4951  0.1517  0.0601  0.0000  0.0776 -0.0789 -0.2965 -0.0197  0.38939  0.0237  0.0000
 1935  0.5187  0.1603  0.0619  0.0000  0.0838 -0.0845 -0.3140 -0.0230  0.40314  0.0252  0.0000
 1940  0.5426  0.1691  0.0636  0.0000  0.0901 -0.0901 -0.3312 -0.0263  0.41775  0.0267  0.0000
 1945  0.5699  0.1792  0.0654  0.0012  0.0978 -0.0958 -0.3481 -0.0297  0.44013  0.0284  0.0000
 1950  0.6035  0.1916  0.0673  0.0041  0.1268 -0.1019 -0.3661 -0.0330  0.49213  0.0306  0.0000
 1955  0.6450  0.2063  0.0707  0.0082  0.1573 -0.1270 -0.4355 -0.0363  0.48874  0.0332  0.0000
 1960  0.6968  0.2289  0.0751  0.0154  0.1894 -0.1693 -0.5407 -0.0397  0.45577  0.0372  0.0000
 1965  0.7578  0.2621  0.0806  0.0295  0.2234 -0.2168 -0.6448 -0.0430  0.44874  0.0433  0.0000
 1970  0.8386  0.3016  0.0886  0.0615  0.2589 -0.2687 -0.7449 -0.0463  0.48933  0.0508  0.0000
 1975  0.9371  0.3435  0.0968  0.0860  0.2951 -0.2919 -0.7861 -0.0497  0.63075  0.0590 -0.0252
 1980  1.0483  0.3842  0.1049  0.1021  0.3313 -0.2946 -0.7908 -0.1175  0.76796  0.0673 -0.0642
 1985  1.1679  0.4158  0.1133  0.1135  0.3659 -0.2973 -0.7954 -0.1925  0.89105  0.0738 -0.1057
 1990  1.2878  0.4379  0.1259  0.1332  0.3985 -0.3000 -0.8000 -0.2000  1.08332  0.0785 -0.1449
 1995  1.4092  0.4559  0.1387  0.1475  0.4024 -0.2815 -0.7680 -0.2000  1.30417  0.0824 -0.1803
 2000  1.5444  0.4708  0.1515  0.1704  0.4057 -0.2631 -0.7347 -0.2000  1.54506  0.0857 -0.1838
 2005  1.6938  0.4837  0.1644  0.2024  0.4085 -0.2451 -0.7010 -0.2000  1.80664  0.0885 -0.1707
 2010  1.8571  0.4964  0.1774  0.2309  0.4114 -0.2368 -0.6848 -0.2000  2.05160  0.0914 -0.1583
 2015  2.0327  0.5101  0.1905  0.2484  0.4144 -0.2290 -0.6694 -0.2000  2.29768  0.0944 -0.1467
 2020  2.2181  0.5244  0.2036  0.2525  0.4177 -0.2208 -0.6529 -0.2000  2.54242  0.0977 -0.1332
 2025  2.4076  0.5401  0.2168  0.2536  0.4213 -0.2060 -0.6223 -0.2000  2.81105  0.1013 -0.1177
 2030  2.5979  0.5578  0.2301  0.2551  0.4254 -0.1909 -0.5898 -0.2000  3.08564  0.1054 -0.1040
 2035  2.7891  0.5766  0.2434  0.2587  0.4298 -0.1752 -0.5546 -0.2000  3.36787  0.1098 -0.0914
 2040  2.9811  0.5904  0.2567  0.2649  0.4331 -0.1503 -0.4952 -0.2000  3.68057  0.1131 -0.0803
 2045  3.1740  0.5956  0.2697  0.2721  0.4344 -0.1248 -0.4298 -0.2000  3.99105  0.1144 -0.0705
 2050  3.3681  0.5952  0.2824  0.2796  0.4343 -0.1004 -0.3615 -0.2000  4.29777  0.1143 -0.0613
 2055  3.5591  0.5915  0.2948  0.2886  0.4334 -0.0932 -0.3405 -0.2000  4.53365  0.1134 -0.0529
 2060  3.7437  0.5858  0.3069  0.2994  0.4320 -0.0870 -0.3219 -0.2000  4.75893  0.1120 -0.0454
 2065  3.9234  0.5787  0.3187  0.3116  0.4303 -0.0810 -0.3033 -0.2000  4.97834  0.1103 -0.0386
 2070  4.1034  0.5716  0.3300  0.3247  0.4287 -0.0779 -0.2933 -0.2000  5.18711  0.1087 -0.0327
 2075  4.2876  0.5655  0.3407  0.3383  0.4272 -0.0749 -0.2837 -0.2000  5.40065  0.1072 -0.0271
 2080  4.4753  0.5599  0.3509  0.3523  0.4259 -0.0719 -0.2741 -0.2000  5.61833  0.1059 -0.0222
 2085  4.6600  0.5545  0.3605  0.3662  0.4246 -0.0692 -0.2653 -0.2000  5.83140  0.1046 -0.0177
 2090  4.8368  0.5489  0.3697  0.3796  0.4233 -0.0665 -0.2564 -0.2000  6.03544  0.1033 -0.0135
 2095  5.0068  0.5432  0.3784  0.3927  0.4220 -0.0639 -0.2479 -0.2000  6.23141  0.1020 -0.0097
 2100  5.1708  0.5385  0.3867  0.4041  0.4209 -0.0638 -0.2475 -0.2000  6.40984  0.1009 -0.0062
 2105  5.3291  0.5354  0.3947  0.4149  0.4202 -0.0638 -0.2475 -0.2000  6.58317  0.1002  0.0000
 2110  5.4825  0.5333  0.4023  0.4242  0.4197 -0.0638 -0.2475 -0.2000  6.75082  0.0997  0.0000
 2115  5.6314  0.5320  0.4096  0.4321  0.4194 -0.0638 -0.2475 -0.2000  6.91320  0.0994  0.0000
 2120  5.7763  0.5311  0.4165  0.4390  0.4192 -0.0638 -0.2475 -0.2000  7.07086  0.0992  0.0000
 2125  5.9176  0.5305  0.4232  0.4451  0.4191 -0.0638 -0.2475 -0.2000  7.22425  0.0991  0.0000
 2130  6.0556  0.5301  0.4295  0.4507  0.4190 -0.0638 -0.2475 -0.2000  7.37370  0.0990  0.0000
 2135  6.1884  0.5299  0.4356  0.4558  0.4189 -0.0638 -0.2475 -0.2000  7.51749  0.0989  0.0000
 2140  6.3152  0.5297  0.4414  0.4607  0.4189 -0.0638 -0.2475 -0.2000  7.65462  0.0989  0.0000
 2145  6.4360  0.5296  0.4470  0.4652  0.4189 -0.0638 -0.2475 -0.2000  7.78547  0.0989  0.0000
 2150  6.5514  0.5295  0.4523  0.4695  0.4189 -0.0638 -0.2475 -0.2000  7.91038  0.0989  0.0000
 2155  6.6616  0.5295  0.4574  0.4736  0.4189 -0.0638 -0.2475 -0.2000  8.02969  0.0989  0.0000
 2160  6.7668  0.5294  0.4623  0.4776  0.4188 -0.0638 -0.2475 -0.2000  8.14375  0.0988  0.0000
 2165  6.8674  0.5294  0.4669  0.4815  0.4188 -0.0638 -0.2475 -0.2000  8.25288  0.0988  0.0000
 2170  6.9638  0.5294  0.4714  0.4852  0.4188 -0.0638 -0.2475 -0.2000  8.35743  0.0988  0.0000
 2175  7.0562  0.5294  0.4757  0.4888  0.4188 -0.0638 -0.2475 -0.2000  8.45774  0.0988  0.0000
 2180  7.1450  0.5294  0.4798  0.4924  0.4188 -0.0638 -0.2475 -0.2000  8.55417  0.0988  0.0000
 2185  7.2305  0.5294  0.4837  0.4959  0.4188 -0.0638 -0.2475 -0.2000  8.64706  0.0988  0.0000
 2190  7.3130  0.5294  0.4875  0.4993  0.4188 -0.0638 -0.2475 -0.2000  8.73679  0.0988  0.0000
 2195  7.3930  0.5294  0.4911  0.5027  0.4188 -0.0638 -0.2475 -0.2000  8.82372  0.0988  0.0000
 2200  7.4708  0.5294  0.4945  0.5060  0.4188 -0.0638 -0.2475 -0.2000  8.90823  0.0988  0.0000
 2205  7.5467  0.5294  0.4978  0.5092  0.4188 -0.0638 -0.2475 -0.2000  8.99071  0.0988  0.0000
 2210  7.6209  0.5294  0.5010  0.5125  0.4188 -0.0638 -0.2475 -0.2000  9.07135  0.0988  0.0000
 2215  7.6936  0.5294  0.5040  0.5157  0.4188 -0.0638 -0.2475 -0.2000  9.15024  0.0988  0.0000
 2220  7.7647  0.5294  0.5069  0.5189  0.4188 -0.0638 -0.2475 -0.2000  9.22745  0.0988  0.0000
 2225  7.8344  0.5294  0.5097  0.5220  0.4188 -0.0638 -0.2475 -0.2000  9.30305  0.0988  0.0000
 2230  7.9026  0.5294  0.5123  0.5251  0.4188 -0.0638 -0.2475 -0.2000  9.37710  0.0988  0.0000
 2235  7.9695  0.5294  0.5149  0.5282  0.4188 -0.0638 -0.2475 -0.2000  9.44966  0.0988  0.0000
 2240  8.0352  0.5294  0.5173  0.5313  0.4188 -0.0638 -0.2475 -0.2000  9.52080  0.0988  0.0000
 2245  8.0995  0.5294  0.5197  0.5344  0.4188 -0.0638 -0.2475 -0.2000  9.59056  0.0988  0.0000
 2250  8.1627  0.5294  0.5219  0.5374  0.4188 -0.0638 -0.2475 -0.2000  9.65900  0.0988  0.0000
 2255  8.2247  0.5294  0.5241  0.5404  0.4188 -0.0638 -0.2475 -0.2000  9.72616  0.0988  0.0000
 2260  8.2855  0.5294  0.5261  0.5435  0.4188 -0.0638 -0.2475 -0.2000  9.79210  0.0988  0.0000
 2265  8.3453  0.5294  0.5281  0.5465  0.4188 -0.0638 -0.2475 -0.2000  9.85685  0.0988  0.0000
 2270  8.4040  0.5294  0.5300  0.5495  0.4188 -0.0638 -0.2475 -0.2000  9.92045  0.0988  0.0000
 2275  8.4617  0.5294  0.5318  0.5525  0.4188 -0.0638 -0.2475 -0.2000  9.98295  0.0988  0.0000
 2280  8.5184  0.5294  0.5336  0.5554  0.4188 -0.0638 -0.2475 -0.2000 10.04438  0.0988  0.0000
 2285  8.5742  0.5294  0.5352  0.5584  0.4188 -0.0638 -0.2475 -0.2000 10.10478  0.0988  0.0000
 2290  8.6290  0.5294  0.5368  0.5614  0.4188 -0.0638 -0.2475 -0.2000 10.16417  0.0988  0.0000
 YEAR     CO2  CH4tot     N2O HALOtot  TROPO3  SO4DIR  SO4IND  BIOAER    TOTAL  CH4-O3 STRATO3
