Fri Mar 14 14:54:53 2014 L101.nonghg_en_USA_S_T_Y.R [ 1 ] : -----
Fri Mar 14 14:54:53 2014 L101.nonghg_en_USA_S_T_Y.R [ 1 ] : Starting L101.nonghg_en_USA_S_T_Y.R
Fri Mar 14 14:54:53 2014 L101.nonghg_en_USA_S_T_Y.R [ 1 ] : Historical emissions factors by GCAM technology, computed from EPA emissions data and IEA energy balances
Fri Mar 14 14:54:53 2014 L101.nonghg_en_USA_S_T_Y.R [ 1 ] : Reading ../_common/assumptions//A_common_data.R...OK.
Fri Mar 14 14:54:53 2014 L101.nonghg_en_USA_S_T_Y.R [ 1 ] : Reading ../emissions-data/assumptions//A_emissions_data.R...OK.
Fri Mar 14 14:54:53 2014 L101.nonghg_en_USA_S_T_Y.R [ 1 ] : Reading ../_common/mappings//iso_GCAM_regID.csv...OK. 238 rows, 4 cols
Fri Mar 14 14:54:53 2014 L101.nonghg_en_USA_S_T_Y.R [ 1 ] : Reading ../energy-data/mappings//IEA_flow_sector.csv...OK. 95 rows, 4 cols
Fri Mar 14 14:54:53 2014 L101.nonghg_en_USA_S_T_Y.R [ 1 ] : Reading ../energy-data/mappings//IEA_product_fuel.csv...OK. 68 rows, 2 cols
Fri Mar 14 14:54:53 2014 L101.nonghg_en_USA_S_T_Y.R [ 1 ] : Reading ../emissions-data/mappings//GCAM_sector_tech.csv...OK. 370 rows, 15 cols
Fri Mar 14 14:54:53 2014 L101.nonghg_en_USA_S_T_Y.R [ 1 ] : Reading ../emissions-data/mappings//EPA_tech.csv...OK. 131 rows, 3 cols
Fri Mar 14 14:54:53 2014 L101.nonghg_en_USA_S_T_Y.R [ 1 ] : Reading ../energy-data/level1//L1231.in_EJ_R_elec_F_tech_Yh.csv...OK. 160 rows, 44 cols
Fri Mar 14 14:54:53 2014 L101.nonghg_en_USA_S_T_Y.R [ 1 ] : Reading ../energy-data/level1//L1322.in_EJ_R_indenergy_F_Yh.csv...OK. 165 rows, 43 cols
Fri Mar 14 14:54:53 2014 L101.nonghg_en_USA_S_T_Y.R [ 1 ] : Reading ../energy-data/level1//L144.in_EJ_R_bld_serv_F_Yh.csv...OK. 824 rows, 44 cols
Fri Mar 14 14:54:53 2014 L101.nonghg_en_USA_S_T_Y.R [ 1 ] : Reading ../energy-data/level1//L152.in_EJ_R_trn_F_Yh.csv...OK. 416 rows, 43 cols
Fri Mar 14 14:54:53 2014 L101.nonghg_en_USA_S_T_Y.R [ 1 ] : Reading ../energy-data/level1//L1322.Fert_Prod_MtN_R_F_Y.csv...OK. 96 rows, 43 cols
Fri Mar 14 14:54:53 2014 L101.nonghg_en_USA_S_T_Y.R [ 1 ] : Reading ../energy-data/level1//L1321.in_EJ_R_cement_F_Y.csv...OK. 160 rows, 43 cols
Fri Mar 14 14:54:53 2014 L101.nonghg_en_USA_S_T_Y.R [ 1 ] : Reading ../energy-data/level1//L124.in_EJ_R_heat_F_Yh.csv...OK. 128 rows, 43 cols
Fri Mar 14 14:54:53 2014 L101.nonghg_en_USA_S_T_Y.R [ 1 ] : Reading ../energy-data/level1//L111.Prod_EJ_R_F_Yh.csv...OK. 98 rows, 43 cols
Fri Mar 14 14:54:53 2014 L101.nonghg_en_USA_S_T_Y.R [ 1 ] : Reading ../emissions-data/level0//EPA_SO2.csv...OK. 129 rows, 35 cols
Fri Mar 14 14:54:53 2014 L101.nonghg_en_USA_S_T_Y.R [ 1 ] : Reading ../emissions-data/level0//EPA_CO.csv...OK. 169 rows, 35 cols
Fri Mar 14 14:54:53 2014 L101.nonghg_en_USA_S_T_Y.R [ 1 ] : Reading ../emissions-data/level0//EPA_NOx.csv...OK. 156 rows, 35 cols
Fri Mar 14 14:54:53 2014 L101.nonghg_en_USA_S_T_Y.R [ 1 ] : Reading ../emissions-data/level0//EPA_VOC.csv...OK. 257 rows, 35 cols
Fri Mar 14 14:54:53 2014 L101.nonghg_en_USA_S_T_Y.R [ 1 ] : Reading ../emissions-data/level0//EPA_NH3.csv...OK. 91 rows, 15 cols
Fri Mar 14 14:54:53 2014 L101.nonghg_en_USA_S_T_Y.R [ 1 ] : Combine all energy data into a single dataframe
Fri Mar 14 14:54:53 2014 L101.nonghg_en_USA_S_T_Y.R [ 1 ] : Subset for USA only and aggregate to EPA categories
Fri Mar 14 14:54:53 2014 L101.nonghg_en_USA_S_T_Y.R [ 1 ] : Convert EPA SO2 emissions inventory to Tg and aggregate by sector and technology
Fri Mar 14 14:54:53 2014 L101.nonghg_en_USA_S_T_Y.R [ 1 ] : Convert EPA CO emissions inventory to Tg and aggregate by sector and technology
Fri Mar 14 14:54:53 2014 L101.nonghg_en_USA_S_T_Y.R [ 1 ] : Convert EPA NOx emissions inventory to Tg and aggregate by sector and technology
Fri Mar 14 14:54:53 2014 L101.nonghg_en_USA_S_T_Y.R [ 1 ] : Convert EPA VOC emissions inventory to Tg and aggregate by sector and technology
Fri Mar 14 14:54:53 2014 L101.nonghg_en_USA_S_T_Y.R [ 1 ] : Convert EPA NH3 emissions inventory to Tg and aggregate by sector and technology
Fri Mar 14 14:54:53 2014 L101.nonghg_en_USA_S_T_Y.R [ 1 ] : Compute SO2 emissions factors by dividing EPA inventory by IEA energy balances
Fri Mar 14 14:54:53 2014 L101.nonghg_en_USA_S_T_Y.R [ 1 ] : Compute CO emissions factors by dividing EPA inventory by IEA energy balances
Fri Mar 14 14:54:53 2014 L101.nonghg_en_USA_S_T_Y.R [ 1 ] : Compute NOx emissions factors by dividing EPA inventory by IEA energy balances
Fri Mar 14 14:54:53 2014 L101.nonghg_en_USA_S_T_Y.R [ 1 ] : Compute VOC emissions factors by dividing EPA inventory by IEA energy balances
Fri Mar 14 14:54:53 2014 L101.nonghg_en_USA_S_T_Y.R [ 1 ] : Compute NH3 emissions factors by dividing EPA inventory by IEA energy balances
Fri Mar 14 14:54:53 2014 L101.nonghg_en_USA_S_T_Y.R [ 1 ] : Writing ../emissions-data/level1//L101.so2_tgej_USA_en_Sepa_F_Yh.csv w/ 2 comments
Fri Mar 14 14:54:53 2014 L101.nonghg_en_USA_S_T_Y.R [ 1 ] : Writing ../emissions-data/level1//L101.co_tgej_USA_en_Sepa_F_Yh.csv w/ 2 comments
Fri Mar 14 14:54:53 2014 L101.nonghg_en_USA_S_T_Y.R [ 1 ] : Writing ../emissions-data/level1//L101.nox_tgej_USA_en_Sepa_F_Yh.csv w/ 2 comments
Fri Mar 14 14:54:53 2014 L101.nonghg_en_USA_S_T_Y.R [ 1 ] : Writing ../emissions-data/level1//L101.voc_tgej_USA_en_Sepa_F_Yh.csv w/ 2 comments
Fri Mar 14 14:54:53 2014 L101.nonghg_en_USA_S_T_Y.R [ 1 ] : Writing ../emissions-data/level1//L101.nh3_tgej_USA_en_Sepa_F_Yh.csv w/ 2 comments
Fri Mar 14 14:54:53 2014 L101.nonghg_en_USA_S_T_Y.R [ 1 ] : Writing ../emissions-data/level1//L101.in_EJ_R_en_Si_F_Yh.csv w/ 2 comments
Fri Mar 14 14:54:53 2014 L101.nonghg_en_USA_S_T_Y.R [ 1 ] : Writing dependency information for L101.nonghg_en_USA_S_T_Y.R ...
Fri Mar 14 14:54:53 2014 L101.nonghg_en_USA_S_T_Y.R [ 1 ] : All done with L101.nonghg_en_USA_S_T_Y.R
