Fri Mar 14 14:54:55 2014 L111.nonghg_en_R_S_T_Y.R [ 1 ] : -----
Fri Mar 14 14:54:55 2014 L111.nonghg_en_R_S_T_Y.R [ 1 ] : Starting L111.nonghg_en_R_S_T_Y.R
Fri Mar 14 14:54:55 2014 L111.nonghg_en_R_S_T_Y.R [ 1 ] : Historical emissions by GCAM technology, computed from EDGAR emissions data and EPA emissions factors
Fri Mar 14 14:54:55 2014 L111.nonghg_en_R_S_T_Y.R [ 1 ] : Reading ../_common/assumptions//A_common_data.R...OK.
Fri Mar 14 14:54:55 2014 L111.nonghg_en_R_S_T_Y.R [ 1 ] : Reading ../emissions-data/assumptions//A_emissions_data.R...OK.
Fri Mar 14 14:54:55 2014 L111.nonghg_en_R_S_T_Y.R [ 1 ] : Reading ../_common/mappings//iso_GCAM_regID.csv...OK. 238 rows, 4 cols
Fri Mar 14 14:54:55 2014 L111.nonghg_en_R_S_T_Y.R [ 1 ] : Reading ../emissions-data/mappings//EDGAR_sector.csv...OK. 44 rows, 3 cols
Fri Mar 14 14:54:55 2014 L111.nonghg_en_R_S_T_Y.R [ 1 ] : Reading ../emissions-data/mappings//EPA_tech.csv...OK. 131 rows, 3 cols
Fri Mar 14 14:54:55 2014 L111.nonghg_en_R_S_T_Y.R [ 1 ] : Reading ../emissions-data/mappings//EDGAR_nation.csv...OK. 269 rows, 2 cols
Fri Mar 14 14:54:55 2014 L111.nonghg_en_R_S_T_Y.R [ 1 ] : Reading ../emissions-data/mappings//GCAM_sector_tech.csv...OK. 370 rows, 15 cols
Fri Mar 14 14:54:55 2014 L111.nonghg_en_R_S_T_Y.R [ 1 ] : Reading ../emissions-data/level1//L101.in_EJ_R_en_Si_F_Yh.csv...OK. 2047 rows, 44 cols
Fri Mar 14 14:54:55 2014 L111.nonghg_en_R_S_T_Y.R [ 1 ] : Reading ../emissions-data/level1//L101.so2_tgej_USA_en_Sepa_F_Yh.csv...OK. 24 rows, 42 cols
Fri Mar 14 14:54:55 2014 L111.nonghg_en_R_S_T_Y.R [ 1 ] : Reading ../emissions-data/level1//L101.co_tgej_USA_en_Sepa_F_Yh.csv...OK. 24 rows, 42 cols
Fri Mar 14 14:54:55 2014 L111.nonghg_en_R_S_T_Y.R [ 1 ] : Reading ../emissions-data/level1//L101.nox_tgej_USA_en_Sepa_F_Yh.csv...OK. 24 rows, 42 cols
Fri Mar 14 14:54:55 2014 L111.nonghg_en_R_S_T_Y.R [ 1 ] : Reading ../emissions-data/level1//L101.voc_tgej_USA_en_Sepa_F_Yh.csv...OK. 24 rows, 42 cols
Fri Mar 14 14:54:55 2014 L111.nonghg_en_R_S_T_Y.R [ 1 ] : Reading ../emissions-data/level1//L101.nh3_tgej_USA_en_Sepa_F_Yh.csv...OK. 24 rows, 42 cols
Fri Mar 14 14:54:55 2014 L111.nonghg_en_R_S_T_Y.R [ 1 ] : Reading ../emissions-data/level0//EDGAR_SO2.csv...OK. 2973 rows, 45 cols
Fri Mar 14 14:54:55 2014 L111.nonghg_en_R_S_T_Y.R [ 1 ] : Reading ../emissions-data/level0//EDGAR_CO.csv...OK. 3026 rows, 45 cols
Fri Mar 14 14:54:55 2014 L111.nonghg_en_R_S_T_Y.R [ 1 ] : Reading ../emissions-data/level0//EDGAR_NOx.csv...OK. 3619 rows, 45 cols
Fri Mar 14 14:54:55 2014 L111.nonghg_en_R_S_T_Y.R [ 1 ] : Reading ../emissions-data/level0//EDGAR_NMVOC.csv...OK. 4572 rows, 47 cols
Fri Mar 14 14:54:56 2014 L111.nonghg_en_R_S_T_Y.R [ 1 ] : Reading ../emissions-data/level0//EDGAR_NH3.csv...OK. 3546 rows, 45 cols
Fri Mar 14 14:54:56 2014 L111.nonghg_en_R_S_T_Y.R [ 1 ] : First add gas name and bind all dataframes together. This will make future processing easier
Fri Mar 14 14:54:56 2014 L111.nonghg_en_R_S_T_Y.R [ 1 ] : Computing unscaled emissions by country and technology
Fri Mar 14 14:55:01 2014 L111.nonghg_en_R_S_T_Y.R [ 1 ] : Compute EDGAR emissions by region and sector
Fri Mar 14 14:55:02 2014 L111.nonghg_en_R_S_T_Y.R [ 1 ] : Scale EPA emissions by tech to match EDGAR totals
Fri Mar 14 14:55:05 2014 L111.nonghg_en_R_S_T_Y.R [ 1 ] : Map in final GCAM sector, technology, and driver type
Fri Mar 14 14:55:11 2014 L111.nonghg_en_R_S_T_Y.R [ 1 ] : Compute emissions factor by GCAM sector, technology, and driver type
Fri Mar 14 14:55:14 2014 L111.nonghg_en_R_S_T_Y.R [ 1 ] : Writing ../emissions-data/level1//L111.nonghg_tg_R_en_S_F_Yh.csv w/ 2 comments
Fri Mar 14 14:55:14 2014 L111.nonghg_en_R_S_T_Y.R [ 1 ] : Writing ../emissions-data/level1//L111.nonghg_tgej_R_en_S_F_Yh.csv w/ 2 comments
Fri Mar 14 14:55:14 2014 L111.nonghg_en_R_S_T_Y.R [ 1 ] : Writing dependency information for L111.nonghg_en_R_S_T_Y.R ...
Fri Mar 14 14:55:14 2014 L111.nonghg_en_R_S_T_Y.R [ 1 ] : All done with L111.nonghg_en_R_S_T_Y.R
