Fri Mar 14 14:55:23 2014 L114.bcoc_en_R_S_T_Y.R [ 1 ] : -----
Fri Mar 14 14:55:23 2014 L114.bcoc_en_R_S_T_Y.R [ 1 ] : Starting L114.bcoc_en_R_S_T_Y.R
Fri Mar 14 14:55:23 2014 L114.bcoc_en_R_S_T_Y.R [ 1 ] : Historical BC/OC emissions by GCAM technology, computed from RCP emissions data and Smith emissions factors
Fri Mar 14 14:55:23 2014 L114.bcoc_en_R_S_T_Y.R [ 1 ] : Reading ../_common/assumptions//A_common_data.R...OK.
Fri Mar 14 14:55:23 2014 L114.bcoc_en_R_S_T_Y.R [ 1 ] : Reading ../emissions-data/assumptions//A_emissions_data.R...OK.
Fri Mar 14 14:55:23 2014 L114.bcoc_en_R_S_T_Y.R [ 1 ] : Reading ../_common/mappings//iso_GCAM_regID.csv...OK. 238 rows, 4 cols
Fri Mar 14 14:55:23 2014 L114.bcoc_en_R_S_T_Y.R [ 1 ] : Reading ../emissions-data/mappings//EPA_ghg_tech.csv...OK. 273 rows, 3 cols
Fri Mar 14 14:55:23 2014 L114.bcoc_en_R_S_T_Y.R [ 1 ] : Reading ../emissions-data/mappings//GCAM_sector_tech.csv...OK. 370 rows, 15 cols
Fri Mar 14 14:55:23 2014 L114.bcoc_en_R_S_T_Y.R [ 1 ] : Reading ../emissions-data/level1//L101.in_EJ_R_en_Si_F_Yh.csv...OK. 2047 rows, 44 cols
Fri Mar 14 14:55:23 2014 L114.bcoc_en_R_S_T_Y.R [ 1 ] : Reading ../emissions-data/level1//L104.bcoc_tgej_USA_en_T_1990.csv...OK. 31 rows, 4 cols
Fri Mar 14 14:55:23 2014 L114.bcoc_en_R_S_T_Y.R [ 1 ] : Reading ../emissions-data/level0//RCP_BC_2000.csv...OK. 231 rows, 12 cols
Fri Mar 14 14:55:23 2014 L114.bcoc_en_R_S_T_Y.R [ 1 ] : Reading ../emissions-data/level0//RCP_OC_2000.csv...OK. 231 rows, 12 cols
Fri Mar 14 14:55:23 2014 L114.bcoc_en_R_S_T_Y.R [ 1 ] : Computing unscaled emissions by country and technology
Fri Mar 14 14:55:23 2014 L114.bcoc_en_R_S_T_Y.R [ 1 ] : Compute RCP emissions by region and sector
Fri Mar 14 14:55:23 2014 L114.bcoc_en_R_S_T_Y.R [ 1 ] : Scale emissions by tech to match RCP totals
Fri Mar 14 14:55:23 2014 L114.bcoc_en_R_S_T_Y.R [ 1 ] : Map in GCAM sector, technology, and driver type
Fri Mar 14 14:55:23 2014 L114.bcoc_en_R_S_T_Y.R [ 1 ] : Compute emissions factor by GCAM sector, technology, and driver type
Fri Mar 14 14:55:24 2014 L114.bcoc_en_R_S_T_Y.R [ 1 ] : Writing ../emissions-data/level1//L114.bcoc_tgej_R_en_S_F_2000.csv w/ 2 comments
Fri Mar 14 14:55:24 2014 L114.bcoc_en_R_S_T_Y.R [ 1 ] : Writing dependency information for L114.bcoc_en_R_S_T_Y.R ...
Fri Mar 14 14:55:24 2014 L114.bcoc_en_R_S_T_Y.R [ 1 ] : All done with L114.bcoc_en_R_S_T_Y.R
