Fri Mar 14 14:51:07 2014 L122.ghg_agr_R_S_T_Y.R [ 1 ] : -----
Fri Mar 14 14:51:07 2014 L122.ghg_agr_R_S_T_Y.R [ 1 ] : Starting L122.ghg_agr_R_S_T_Y.R
Fri Mar 14 14:51:07 2014 L122.ghg_agr_R_S_T_Y.R [ 1 ] : Historical emissions by GCAM technology, computed from EDGAR emissions data and EPA emissions factors
Fri Mar 14 14:51:07 2014 L122.ghg_agr_R_S_T_Y.R [ 1 ] : Reading ../_common/assumptions//A_common_data.R...OK.
Fri Mar 14 14:51:07 2014 L122.ghg_agr_R_S_T_Y.R [ 1 ] : Reading ../emissions-data/assumptions//A_emissions_data.R...OK.
Fri Mar 14 14:51:07 2014 L122.ghg_agr_R_S_T_Y.R [ 1 ] : Reading ../aglu-data/assumptions//A_aglu_data.R...OK.
Fri Mar 14 14:51:07 2014 L122.ghg_agr_R_S_T_Y.R [ 1 ] : Reading ../_common/mappings//iso_GCAM_regID.csv...OK. 238 rows, 4 cols
Fri Mar 14 14:51:07 2014 L122.ghg_agr_R_S_T_Y.R [ 1 ] : Reading ../emissions-data/mappings//EDGAR_nation.csv...OK. 269 rows, 2 cols
Fri Mar 14 14:51:07 2014 L122.ghg_agr_R_S_T_Y.R [ 1 ] : Reading ../emissions-data/mappings//EDGAR_sector.csv...OK. 44 rows, 3 cols
Fri Mar 14 14:51:07 2014 L122.ghg_agr_R_S_T_Y.R [ 1 ] : Reading ../aglu-data/level1//L104.ag_Prod_Mt_R_C_Y_AEZ.csv...OK. 6912 rows, 43 cols
Fri Mar 14 14:51:08 2014 L122.ghg_agr_R_S_T_Y.R [ 1 ] : Reading ../aglu-data/level1//L142.ag_Fert_IO_R_C_Y_AEZ.csv...OK. 6912 rows, 43 cols
Fri Mar 14 14:51:08 2014 L122.ghg_agr_R_S_T_Y.R [ 1 ] : Reading ../emissions-data/level0//EDGAR_CH4.csv...OK. 4234 rows, 45 cols
Fri Mar 14 14:51:08 2014 L122.ghg_agr_R_S_T_Y.R [ 1 ] : Reading ../emissions-data/level0//EDGAR_N2O.csv...OK. 5070 rows, 45 cols
Fri Mar 14 14:51:08 2014 L122.ghg_agr_R_S_T_Y.R [ 1 ] : Reading ../emissions-data/level0//EDGAR_NH3.csv...OK. 3546 rows, 45 cols
Fri Mar 14 14:51:08 2014 L122.ghg_agr_R_S_T_Y.R [ 1 ] : Compute share of regional production by technology
Fri Mar 14 14:51:09 2014 L122.ghg_agr_R_S_T_Y.R [ 1 ] : Compute EDGAR emissions by region
Fri Mar 14 14:51:10 2014 L122.ghg_agr_R_S_T_Y.R [ 1 ] : Compute emissions from rice by GCAM region, commodity, and AEZ
Fri Mar 14 14:51:10 2014 L122.ghg_agr_R_S_T_Y.R [ 1 ] : Compute emissions from soils by GCAM region, commodity, and AEZ
Fri Mar 14 14:51:15 2014 L122.ghg_agr_R_S_T_Y.R [ 1 ] : Compute emissions from fertilizer by GCAM region, commodity, and AEZ
Fri Mar 14 14:51:21 2014 L122.ghg_agr_R_S_T_Y.R [ 1 ] : Sum all AGR emissions by GCAM region, commodity, and AEZ
Fri Mar 14 14:51:40 2014 L122.ghg_agr_R_S_T_Y.R [ 1 ] : Writing ../emissions-data/level1//L122.ghg_tg_R_agr_C_Y_AEZ.csv w/ 2 comments
Fri Mar 14 14:51:40 2014 L122.ghg_agr_R_S_T_Y.R [ 1 ] : Writing dependency information for L122.ghg_agr_R_S_T_Y.R ...
Fri Mar 14 14:51:40 2014 L122.ghg_agr_R_S_T_Y.R [ 1 ] : All done with L122.ghg_agr_R_S_T_Y.R
