Fri Mar 14 14:51:42 2014 L124.nonco2_unmgd_R_S_T_Y.R [ 1 ] : -----
Fri Mar 14 14:51:42 2014 L124.nonco2_unmgd_R_S_T_Y.R [ 1 ] : Starting L124.nonco2_unmgd_R_S_T_Y.R
Fri Mar 14 14:51:42 2014 L124.nonco2_unmgd_R_S_T_Y.R [ 1 ] : Historical emissions by GCAM technology, computed from EDGAR emissions data and EPA emissions factors
Fri Mar 14 14:51:42 2014 L124.nonco2_unmgd_R_S_T_Y.R [ 1 ] : Reading ../_common/assumptions//A_common_data.R...OK.
Fri Mar 14 14:51:42 2014 L124.nonco2_unmgd_R_S_T_Y.R [ 1 ] : Reading ../emissions-data/assumptions//A_emissions_data.R...OK.
Fri Mar 14 14:51:42 2014 L124.nonco2_unmgd_R_S_T_Y.R [ 1 ] : Reading ../aglu-data/assumptions//A_aglu_data.R...OK.
Fri Mar 14 14:51:42 2014 L124.nonco2_unmgd_R_S_T_Y.R [ 1 ] : Reading ../_common/mappings//iso_GCAM_regID.csv...OK. 238 rows, 4 cols
Fri Mar 14 14:51:42 2014 L124.nonco2_unmgd_R_S_T_Y.R [ 1 ] : Reading ../emissions-data/mappings//EDGAR_nation.csv...OK. 269 rows, 2 cols
Fri Mar 14 14:51:42 2014 L124.nonco2_unmgd_R_S_T_Y.R [ 1 ] : Reading ../emissions-data/mappings//EDGAR_sector.csv...OK. 44 rows, 3 cols
Fri Mar 14 14:51:42 2014 L124.nonco2_unmgd_R_S_T_Y.R [ 1 ] : Reading ../aglu-data/level1//L124.LC_bm2_R_Grass_Yh_AEZ_adj.csv...OK. 576 rows, 49 cols
Fri Mar 14 14:51:42 2014 L124.nonco2_unmgd_R_S_T_Y.R [ 1 ] : Reading ../aglu-data/level1//L124.LC_bm2_R_UnMgdFor_Yh_AEZ_adj.csv...OK. 576 rows, 49 cols
Fri Mar 14 14:51:42 2014 L124.nonco2_unmgd_R_S_T_Y.R [ 1 ] : Reading ../emissions-data/level0//EDGAR_SO2.csv...OK. 2973 rows, 45 cols
Fri Mar 14 14:51:42 2014 L124.nonco2_unmgd_R_S_T_Y.R [ 1 ] : Reading ../emissions-data/level0//EDGAR_CO.csv...OK. 3026 rows, 45 cols
Fri Mar 14 14:51:42 2014 L124.nonco2_unmgd_R_S_T_Y.R [ 1 ] : Reading ../emissions-data/level0//EDGAR_NOx.csv...OK. 3619 rows, 45 cols
Fri Mar 14 14:51:42 2014 L124.nonco2_unmgd_R_S_T_Y.R [ 1 ] : Reading ../emissions-data/level0//EDGAR_NMVOC.csv...OK. 4572 rows, 47 cols
Fri Mar 14 14:51:42 2014 L124.nonco2_unmgd_R_S_T_Y.R [ 1 ] : Reading ../emissions-data/level0//EDGAR_CH4.csv...OK. 4234 rows, 45 cols
Fri Mar 14 14:51:43 2014 L124.nonco2_unmgd_R_S_T_Y.R [ 1 ] : Reading ../emissions-data/level0//EDGAR_N2O.csv...OK. 5070 rows, 45 cols
Fri Mar 14 14:51:43 2014 L124.nonco2_unmgd_R_S_T_Y.R [ 1 ] : Compute share of regional land area by technology
Fri Mar 14 14:51:43 2014 L124.nonco2_unmgd_R_S_T_Y.R [ 1 ] : Compute EDGAR emissions by region
Fri Mar 14 14:51:44 2014 L124.nonco2_unmgd_R_S_T_Y.R [ 1 ] : Compute grassland emissions by GCAM region and AEZ
Fri Mar 14 14:51:45 2014 L124.nonco2_unmgd_R_S_T_Y.R [ 1 ] : Compute forest emissions by GCAM region and AEZ
Fri Mar 14 14:51:46 2014 L124.nonco2_unmgd_R_S_T_Y.R [ 1 ] : Writing ../emissions-data/level1//L124.nonco2_tg_R_grass_Y_AEZ.csv w/ 2 comments
Fri Mar 14 14:51:46 2014 L124.nonco2_unmgd_R_S_T_Y.R [ 1 ] : Writing ../emissions-data/level1//L124.nonco2_tg_R_forest_Y_AEZ.csv w/ 2 comments
Fri Mar 14 14:51:46 2014 L124.nonco2_unmgd_R_S_T_Y.R [ 1 ] : Writing dependency information for L124.nonco2_unmgd_R_S_T_Y.R ...
Fri Mar 14 14:51:46 2014 L124.nonco2_unmgd_R_S_T_Y.R [ 1 ] : All done with L124.nonco2_unmgd_R_S_T_Y.R
