Fri Mar 14 14:51:47 2014 L131.nonco2_proc_R_S_T_Y.R [ 1 ] : -----
Fri Mar 14 14:51:47 2014 L131.nonco2_proc_R_S_T_Y.R [ 1 ] : Starting L131.nonco2_proc_R_S_T_Y.R
Fri Mar 14 14:51:47 2014 L131.nonco2_proc_R_S_T_Y.R [ 1 ] : Historical emissions by GCAM technology, computed from EDGAR emissions data and EPA emissions factors
Fri Mar 14 14:51:47 2014 L131.nonco2_proc_R_S_T_Y.R [ 1 ] : Reading ../_common/assumptions//A_common_data.R...OK.
Fri Mar 14 14:51:47 2014 L131.nonco2_proc_R_S_T_Y.R [ 1 ] : Reading ../emissions-data/assumptions//A_emissions_data.R...OK.
Fri Mar 14 14:51:47 2014 L131.nonco2_proc_R_S_T_Y.R [ 1 ] : Reading ../_common/mappings//GCAM_region_names.csv...OK. 32 rows, 2 cols
Fri Mar 14 14:51:47 2014 L131.nonco2_proc_R_S_T_Y.R [ 1 ] : Reading ../_common/mappings//iso_GCAM_regID.csv...OK. 238 rows, 4 cols
Fri Mar 14 14:51:47 2014 L131.nonco2_proc_R_S_T_Y.R [ 1 ] : Reading ../emissions-data/mappings//EDGAR_sector.csv...OK. 44 rows, 3 cols
Fri Mar 14 14:51:47 2014 L131.nonco2_proc_R_S_T_Y.R [ 1 ] : Reading ../emissions-data/mappings//EPA_ghg_tech.csv...OK. 273 rows, 3 cols
Fri Mar 14 14:51:47 2014 L131.nonco2_proc_R_S_T_Y.R [ 1 ] : Reading ../emissions-data/mappings//EDGAR_nation.csv...OK. 269 rows, 2 cols
Fri Mar 14 14:51:47 2014 L131.nonco2_proc_R_S_T_Y.R [ 1 ] : Reading ../emissions-data/mappings//GCAM_sector_tech.csv...OK. 370 rows, 15 cols
Fri Mar 14 14:51:47 2014 L131.nonco2_proc_R_S_T_Y.R [ 1 ] : Reading ../emissions-data/level0//EDGAR_NH3.csv...OK. 3546 rows, 45 cols
Fri Mar 14 14:51:47 2014 L131.nonco2_proc_R_S_T_Y.R [ 1 ] : Reading ../emissions-data/level0//EDGAR_CH4.csv...OK. 4234 rows, 45 cols
Fri Mar 14 14:51:47 2014 L131.nonco2_proc_R_S_T_Y.R [ 1 ] : Reading ../emissions-data/level0//EDGAR_N2O.csv...OK. 5070 rows, 45 cols
Fri Mar 14 14:51:47 2014 L131.nonco2_proc_R_S_T_Y.R [ 1 ] : Reading ../emissions-data/level0//EDGAR_NMVOC.csv...OK. 4572 rows, 47 cols
Fri Mar 14 14:51:48 2014 L131.nonco2_proc_R_S_T_Y.R [ 1 ] : Reading ../emissions-data/level0//EDGAR_NOx.csv...OK. 3619 rows, 45 cols
Fri Mar 14 14:51:48 2014 L131.nonco2_proc_R_S_T_Y.R [ 1 ] : Reading ../emissions-data/level0//EDGAR_SO2.csv...OK. 2973 rows, 45 cols
Fri Mar 14 14:51:48 2014 L131.nonco2_proc_R_S_T_Y.R [ 1 ] : Reading ../emissions-data/level0//EDGAR_CO.csv...OK. 3026 rows, 45 cols
Fri Mar 14 14:51:48 2014 L131.nonco2_proc_R_S_T_Y.R [ 1 ] : Reading ../emissions-data/level0//EPA_FCCC_IndProc_2005.csv...OK. 60 rows, 12 cols
Fri Mar 14 14:51:48 2014 L131.nonco2_proc_R_S_T_Y.R [ 1 ] : Compute share of sectoral emissions in each subsector using EPA data
Fri Mar 14 14:51:48 2014 L131.nonco2_proc_R_S_T_Y.R [ 1 ] : Disaggregate EDGAR emissions to subsectors
Fri Mar 14 14:51:50 2014 L131.nonco2_proc_R_S_T_Y.R [ 1 ] : Writing ../emissions-data/level1//L131.nonco2_tg_R_prc_S_S_Yh.csv w/ 2 comments
Fri Mar 14 14:51:50 2014 L131.nonco2_proc_R_S_T_Y.R [ 1 ] : Writing dependency information for L131.nonco2_proc_R_S_T_Y.R ...
Fri Mar 14 14:51:50 2014 L131.nonco2_proc_R_S_T_Y.R [ 1 ] : All done with L131.nonco2_proc_R_S_T_Y.R
