Fri Mar 14 14:55:25 2014 L201.en_nonco2.R [ 1 ] : -----
Fri Mar 14 14:55:25 2014 L201.en_nonco2.R [ 1 ] : Starting L201.en_nonco2.R
Fri Mar 14 14:55:25 2014 L201.en_nonco2.R [ 1 ] : Historical emissions in the energy system
Fri Mar 14 14:55:25 2014 L201.en_nonco2.R [ 1 ] : Reading ../_common/assumptions//A_common_data.R...OK.
Fri Mar 14 14:55:25 2014 L201.en_nonco2.R [ 1 ] : Reading ../_common/assumptions//level2_data_names.R...OK.
Fri Mar 14 14:55:25 2014 L201.en_nonco2.R [ 1 ] : Reading ../modeltime-data/assumptions//A_modeltime_data.R...OK.
Fri Mar 14 14:55:25 2014 L201.en_nonco2.R [ 1 ] : Reading ../emissions-data/assumptions//A_emissions_data.R...OK.
Fri Mar 14 14:55:25 2014 L201.en_nonco2.R [ 1 ] : Reading ../_common/mappings//GCAM_region_names.csv...OK. 32 rows, 2 cols
Fri Mar 14 14:55:25 2014 L201.en_nonco2.R [ 1 ] : Reading ../emissions-data/assumptions//A_regions.csv...OK. 32 rows, 5 cols
Fri Mar 14 14:55:25 2014 L201.en_nonco2.R [ 1 ] : Reading ../emissions-data/level1//L111.nonghg_tg_R_en_S_F_Yh.csv...OK. 7200 rows, 45 cols
Fri Mar 14 14:55:25 2014 L201.en_nonco2.R [ 1 ] : Reading ../emissions-data/level1//L111.nonghg_tgej_R_en_S_F_Yh.csv...OK. 7200 rows, 45 cols
Fri Mar 14 14:55:26 2014 L201.en_nonco2.R [ 1 ] : Reading ../emissions-data/level1//L112.ghg_tg_R_en_S_F_Yh.csv...OK. 2496 rows, 43 cols
Fri Mar 14 14:55:26 2014 L201.en_nonco2.R [ 1 ] : Reading ../emissions-data/level1//L112.ghg_tgej_R_en_S_F_Yh.csv...OK. 2496 rows, 43 cols
Fri Mar 14 14:55:26 2014 L201.en_nonco2.R [ 1 ] : Reading ../emissions-data/level1//L114.bcoc_tgej_R_en_S_F_2000.csv...OK. 1476 rows, 6 cols
Fri Mar 14 14:55:26 2014 L201.en_nonco2.R [ 1 ] : Reading ../emissions-data/assumptions//A51.max_reduction.csv...OK. 113 rows, 9 cols
Fri Mar 14 14:55:26 2014 L201.en_nonco2.R [ 1 ] : Reading ../emissions-data/assumptions//A51.steepness.csv...OK. 113 rows, 9 cols
Fri Mar 14 14:55:26 2014 L201.en_nonco2.R [ 1 ] : L201.nonghg_en: Pollutant emissions for energy technologies in all regions
Fri Mar 14 14:55:30 2014 L201.en_nonco2.R [ 1 ] : L201.ghg_en: GHG emissions for energy technologies in all regions
Fri Mar 14 14:55:31 2014 L201.en_nonco2.R [ 1 ] : L201.bcoc_en: BC/OC emissions factors for energy technologies in all regions
Fri Mar 14 14:55:31 2014 L201.en_nonco2.R [ 1 ] : L201.nonghg_max_reduction: maximum reduction for energy technologies in all regions
Fri Mar 14 14:55:31 2014 L201.en_nonco2.R [ 1 ] : L201.nonghg_steepness: steepness of reduction for energy technologies in all regions
Fri Mar 14 14:55:31 2014 L201.en_nonco2.R [ 1 ] : L201.nonghg_res: Pollutant emissions for energy resources in all regions
Fri Mar 14 14:55:32 2014 L201.en_nonco2.R [ 1 ] : L201.ghg_en: GHG emissions for energy technologies in all regions
Fri Mar 14 14:55:32 2014 L201.en_nonco2.R [ 1 ] : Rename to regional SO2
Fri Mar 14 14:55:32 2014 L201.en_nonco2.R [ 1 ] : Writing ../emissions-data/level2//L201.en_pol_emissions.csv
[1] "../emissions-processing-code/xml-batch//batch_en_emissions.xml"
Fri Mar 14 14:55:32 2014 L201.en_nonco2.R [ 1 ] : Inserting ../emissions-data/level2//L201.en_pol_emissions.csv into ../emissions-processing-code/xml-batch//batch_en_emissions.xml using tag csvFile
Fri Mar 14 14:55:32 2014 L201.en_nonco2.R [ 1 ] : ../emissions-data/level2//L201.en_pol_emissions.csv found in ../emissions-processing-code/xml-batch//batch_en_emissions.xml 5 ; deleting
Fri Mar 14 14:55:32 2014 L201.en_nonco2.R [ 1 ] : Writing ../emissions-data/level2//L201.en_ghg_emissions.csv
[1] "../emissions-processing-code/xml-batch//batch_en_emissions.xml"
Fri Mar 14 14:55:32 2014 L201.en_nonco2.R [ 1 ] : Inserting ../emissions-data/level2//L201.en_ghg_emissions.csv into ../emissions-processing-code/xml-batch//batch_en_emissions.xml using tag csvFile
Fri Mar 14 14:55:32 2014 L201.en_nonco2.R [ 1 ] : ../emissions-data/level2//L201.en_ghg_emissions.csv found in ../emissions-processing-code/xml-batch//batch_en_emissions.xml 5 ; deleting
Fri Mar 14 14:55:32 2014 L201.en_nonco2.R [ 1 ] : Writing ../emissions-data/level2//L201.en_bcoc_emissions.csv
[1] "../emissions-processing-code/xml-batch//batch_en_emissions.xml"
Fri Mar 14 14:55:32 2014 L201.en_nonco2.R [ 1 ] : Inserting ../emissions-data/level2//L201.en_bcoc_emissions.csv into ../emissions-processing-code/xml-batch//batch_en_emissions.xml using tag csvFile
Fri Mar 14 14:55:32 2014 L201.en_nonco2.R [ 1 ] : ../emissions-data/level2//L201.en_bcoc_emissions.csv found in ../emissions-processing-code/xml-batch//batch_en_emissions.xml 5 ; deleting
Fri Mar 14 14:55:32 2014 L201.en_nonco2.R [ 1 ] : Writing ../emissions-data/level2//L201.nonco2_max_reduction.csv
[1] "../emissions-processing-code/xml-batch//batch_en_emissions.xml"
Fri Mar 14 14:55:32 2014 L201.en_nonco2.R [ 1 ] : Inserting ../emissions-data/level2//L201.nonco2_max_reduction.csv into ../emissions-processing-code/xml-batch//batch_en_emissions.xml using tag csvFile
Fri Mar 14 14:55:32 2014 L201.en_nonco2.R [ 1 ] : ../emissions-data/level2//L201.nonco2_max_reduction.csv found in ../emissions-processing-code/xml-batch//batch_en_emissions.xml 5 ; deleting
Fri Mar 14 14:55:32 2014 L201.en_nonco2.R [ 1 ] : Writing ../emissions-data/level2//L201.nonco2_steepness.csv
[1] "../emissions-processing-code/xml-batch//batch_en_emissions.xml"
Fri Mar 14 14:55:32 2014 L201.en_nonco2.R [ 1 ] : Inserting ../emissions-data/level2//L201.nonco2_steepness.csv into ../emissions-processing-code/xml-batch//batch_en_emissions.xml using tag csvFile
Fri Mar 14 14:55:32 2014 L201.en_nonco2.R [ 1 ] : ../emissions-data/level2//L201.nonco2_steepness.csv found in ../emissions-processing-code/xml-batch//batch_en_emissions.xml 5 ; deleting
Fri Mar 14 14:55:32 2014 L201.en_nonco2.R [ 1 ] : Writing ../emissions-data/level2//L201.nonghg_res.csv
[1] "../emissions-processing-code/xml-batch//batch_en_emissions.xml"
Fri Mar 14 14:55:32 2014 L201.en_nonco2.R [ 1 ] : Inserting ../emissions-data/level2//L201.nonghg_res.csv into ../emissions-processing-code/xml-batch//batch_en_emissions.xml using tag csvFile
Fri Mar 14 14:55:32 2014 L201.en_nonco2.R [ 1 ] : ../emissions-data/level2//L201.nonghg_res.csv found in ../emissions-processing-code/xml-batch//batch_en_emissions.xml 5 ; deleting
Fri Mar 14 14:55:32 2014 L201.en_nonco2.R [ 1 ] : Writing ../emissions-data/level2//L201.ghg_res.csv
[1] "../emissions-processing-code/xml-batch//batch_en_emissions.xml"
Fri Mar 14 14:55:32 2014 L201.en_nonco2.R [ 1 ] : Inserting ../emissions-data/level2//L201.ghg_res.csv into ../emissions-processing-code/xml-batch//batch_en_emissions.xml using tag csvFile
Fri Mar 14 14:55:32 2014 L201.en_nonco2.R [ 1 ] : ../emissions-data/level2//L201.ghg_res.csv found in ../emissions-processing-code/xml-batch//batch_en_emissions.xml 5 ; deleting
Fri Mar 14 14:55:32 2014 L201.en_nonco2.R [ 1 ] : Writing dependency information for L201.en_nonco2.R ...
Fri Mar 14 14:55:32 2014 L201.en_nonco2.R [ 1 ] : All done with L201.en_nonco2.R
