Fri Mar 14 14:52:31 2014 L212.unmgd_nonco2.R [ 1 ] : -----
Fri Mar 14 14:52:31 2014 L212.unmgd_nonco2.R [ 1 ] : Starting L212.unmgd_nonco2.R
Fri Mar 14 14:52:31 2014 L212.unmgd_nonco2.R [ 1 ] : Historical emissions in the aglu system
Fri Mar 14 14:52:31 2014 L212.unmgd_nonco2.R [ 1 ] : Reading ../_common/assumptions//A_common_data.R...OK.
Fri Mar 14 14:52:31 2014 L212.unmgd_nonco2.R [ 1 ] : Reading ../_common/assumptions//level2_data_names.R...OK.
Fri Mar 14 14:52:31 2014 L212.unmgd_nonco2.R [ 1 ] : Reading ../modeltime-data/assumptions//A_modeltime_data.R...OK.
Fri Mar 14 14:52:31 2014 L212.unmgd_nonco2.R [ 1 ] : Reading ../aglu-data/assumptions//A_aglu_data.R...OK.
Fri Mar 14 14:52:31 2014 L212.unmgd_nonco2.R [ 1 ] : Reading ../emissions-data/assumptions//A_emissions_data.R...OK.
Fri Mar 14 14:52:31 2014 L212.unmgd_nonco2.R [ 1 ] : Reading ../_common/mappings//GCAM_region_names.csv...OK. 32 rows, 2 cols
Fri Mar 14 14:52:31 2014 L212.unmgd_nonco2.R [ 1 ] : Reading ../emissions-data/assumptions//A_regions.csv...OK. 32 rows, 5 cols
Fri Mar 14 14:52:31 2014 L212.unmgd_nonco2.R [ 1 ] : Reading ../aglu-data/level1//L125.R_AEZ_nonexist.csv...OK. 293 rows, 2 cols
Fri Mar 14 14:52:31 2014 L212.unmgd_nonco2.R [ 1 ] : Reading ../emissions-data/level1//L124.nonco2_tg_R_grass_Y_AEZ.csv...OK. 2808 rows, 41 cols
Fri Mar 14 14:52:31 2014 L212.unmgd_nonco2.R [ 1 ] : Reading ../emissions-data/level1//L124.nonco2_tg_R_forest_Y_AEZ.csv...OK. 2268 rows, 41 cols
Fri Mar 14 14:52:32 2014 L212.unmgd_nonco2.R [ 1 ] : Reading ../emissions-data/level1//L125.bcoc_tgbkm2_R_grass_2000.csv...OK. 64 rows, 3 cols
Fri Mar 14 14:52:32 2014 L212.unmgd_nonco2.R [ 1 ] : Reading ../emissions-data/level1//L125.bcoc_tgbkm2_R_forest_2000.csv...OK. 64 rows, 3 cols
Fri Mar 14 14:52:32 2014 L212.unmgd_nonco2.R [ 1 ] : L212.Sector: Sector info for unmanaged land technology
Fri Mar 14 14:52:32 2014 L212.unmgd_nonco2.R [ 1 ] : L212.ItemName: Land item to relate emissions to
Fri Mar 14 14:52:32 2014 L212.unmgd_nonco2.R [ 1 ] : L212.GrassEmissions: Grassland fire emissions in all regions
Fri Mar 14 14:52:32 2014 L212.unmgd_nonco2.R [ 1 ] : L212.GrassEmissions: Grassland fire emissions factors for BC/OC in all regions
Fri Mar 14 14:52:32 2014 L212.unmgd_nonco2.R [ 1 ] : L212.ForestEmissions: Forest fire emissions in all regions
Fri Mar 14 14:52:32 2014 L212.unmgd_nonco2.R [ 1 ] : L212.ForestEmissions: Forest fire emissions factors for BC/OC in all regions
Fri Mar 14 14:52:32 2014 L212.unmgd_nonco2.R [ 1 ] : Removing non-existent regions and AEZs from all tables
Fri Mar 14 14:52:32 2014 L212.unmgd_nonco2.R [ 1 ] : Rename to regional SO2
Fri Mar 14 14:52:32 2014 L212.unmgd_nonco2.R [ 1 ] : Writing ../emissions-data/level2//L212.Sector.csv
[1] "../emissions-processing-code/xml-batch//batch_unmgd_emissions.xml"
Fri Mar 14 14:52:32 2014 L212.unmgd_nonco2.R [ 1 ] : Creating batch_unmgd_emissions.xml from ../_common/headers//batch_xml_template.xml
Fri Mar 14 14:52:32 2014 L212.unmgd_nonco2.R [ 1 ] : Inserting ../_common/headers//ModelInterface_headers.txt into ../emissions-processing-code/xml-batch//batch_unmgd_emissions.xml using tag headerFile
Fri Mar 14 14:52:32 2014 L212.unmgd_nonco2.R [ 1 ] : Inserting ../emissions-data/level2//L212.Sector.csv into ../emissions-processing-code/xml-batch//batch_unmgd_emissions.xml using tag csvFile
Fri Mar 14 14:52:32 2014 L212.unmgd_nonco2.R [ 1 ] : Writing ../emissions-data/level2//L212.LandItem.csv
[1] "../emissions-processing-code/xml-batch//batch_unmgd_emissions.xml"
Fri Mar 14 14:52:32 2014 L212.unmgd_nonco2.R [ 1 ] : Inserting ../emissions-data/level2//L212.LandItem.csv into ../emissions-processing-code/xml-batch//batch_unmgd_emissions.xml using tag csvFile
Fri Mar 14 14:52:32 2014 L212.unmgd_nonco2.R [ 1 ] : Writing ../emissions-data/level2//L212.GRASSEmissions.csv
[1] "../emissions-processing-code/xml-batch//batch_unmgd_emissions.xml"
Fri Mar 14 14:52:32 2014 L212.unmgd_nonco2.R [ 1 ] : Inserting ../emissions-data/level2//L212.GRASSEmissions.csv into ../emissions-processing-code/xml-batch//batch_unmgd_emissions.xml using tag csvFile
Fri Mar 14 14:52:32 2014 L212.unmgd_nonco2.R [ 1 ] : Writing ../emissions-data/level2//L212.FORESTEmissions.csv
[1] "../emissions-processing-code/xml-batch//batch_unmgd_emissions.xml"
Fri Mar 14 14:52:32 2014 L212.unmgd_nonco2.R [ 1 ] : Inserting ../emissions-data/level2//L212.FORESTEmissions.csv into ../emissions-processing-code/xml-batch//batch_unmgd_emissions.xml using tag csvFile
Fri Mar 14 14:52:32 2014 L212.unmgd_nonco2.R [ 1 ] : Writing ../emissions-data/level2//L212.GRASSEmissionsFactors.csv
[1] "../emissions-processing-code/xml-batch//batch_unmgd_emissions.xml"
Fri Mar 14 14:52:32 2014 L212.unmgd_nonco2.R [ 1 ] : Inserting ../emissions-data/level2//L212.GRASSEmissionsFactors.csv into ../emissions-processing-code/xml-batch//batch_unmgd_emissions.xml using tag csvFile
Fri Mar 14 14:52:32 2014 L212.unmgd_nonco2.R [ 1 ] : Writing ../emissions-data/level2//L212.FORESTEmissionsFactors.csv
[1] "../emissions-processing-code/xml-batch//batch_unmgd_emissions.xml"
Fri Mar 14 14:52:32 2014 L212.unmgd_nonco2.R [ 1 ] : Inserting ../emissions-data/level2//L212.FORESTEmissionsFactors.csv into ../emissions-processing-code/xml-batch//batch_unmgd_emissions.xml using tag csvFile
[1] "../emissions-processing-code/xml-batch//batch_unmgd_emissions.xml"
Fri Mar 14 14:52:33 2014 L212.unmgd_nonco2.R [ 1 ] : Inserting ../xml/emissions-xml//all_unmgd_emissions.xml into ../emissions-processing-code/xml-batch//batch_unmgd_emissions.xml using tag outFile
Fri Mar 14 14:52:33 2014 L212.unmgd_nonco2.R [ 1 ] : Writing dependency information for L212.unmgd_nonco2.R ...
Fri Mar 14 14:52:33 2014 L212.unmgd_nonco2.R [ 1 ] : All done with L212.unmgd_nonco2.R
