Fri Mar 14 14:52:35 2014 L221.en_mac.R [ 1 ] : -----
Fri Mar 14 14:52:35 2014 L221.en_mac.R [ 1 ] : Starting L221.en_mac.R
Fri Mar 14 14:52:35 2014 L221.en_mac.R [ 1 ] : Marginal Abatement Cost Curves for the energy system
Fri Mar 14 14:52:35 2014 L221.en_mac.R [ 1 ] : Reading ../_common/assumptions//A_common_data.R...OK.
Fri Mar 14 14:52:35 2014 L221.en_mac.R [ 1 ] : Reading ../_common/assumptions//level2_data_names.R...OK.
Fri Mar 14 14:52:35 2014 L221.en_mac.R [ 1 ] : Reading ../modeltime-data/assumptions//A_modeltime_data.R...OK.
Fri Mar 14 14:52:35 2014 L221.en_mac.R [ 1 ] : Reading ../emissions-data/assumptions//A_emissions_data.R...OK.
Fri Mar 14 14:52:35 2014 L221.en_mac.R [ 1 ] : Reading ../_common/mappings//GCAM_region_names.csv...OK. 32 rows, 2 cols
Fri Mar 14 14:52:35 2014 L221.en_mac.R [ 1 ] : Reading ../emissions-data/assumptions//A_regions.csv...OK. 32 rows, 5 cols
Fri Mar 14 14:52:35 2014 L221.en_mac.R [ 1 ] : Reading ../emissions-data/mappings//GCAM_sector_tech.csv...OK. 370 rows, 15 cols
Fri Mar 14 14:52:35 2014 L221.en_mac.R [ 1 ] : Reading ../emissions-data/level0//MAC_AdipicAcid.csv...OK. 24 rows, 16 cols
Fri Mar 14 14:52:35 2014 L221.en_mac.R [ 1 ] : Reading ../emissions-data/level0//MAC_NitricAcid.csv...OK. 24 rows, 16 cols
Fri Mar 14 14:52:35 2014 L221.en_mac.R [ 1 ] : Reading ../emissions-data/level0//MAC_NatGas.csv...OK. 24 rows, 16 cols
Fri Mar 14 14:52:35 2014 L221.en_mac.R [ 1 ] : Adipic Acid
Fri Mar 14 14:52:35 2014 L221.en_mac.R [ 1 ] : Nitric Acid
Fri Mar 14 14:52:35 2014 L221.en_mac.R [ 1 ] : Natural Gas
Fri Mar 14 14:52:35 2014 L221.en_mac.R [ 1 ] : Writing ../emissions-data/level2//L222.MAC_AdipicAcid_S_R_T.csv
[1] "../emissions-processing-code/xml-batch//batch_en_emissions.xml"
Fri Mar 14 14:52:35 2014 L221.en_mac.R [ 1 ] : Inserting ../emissions-data/level2//L222.MAC_AdipicAcid_S_R_T.csv into ../emissions-processing-code/xml-batch//batch_en_emissions.xml using tag csvFile
Fri Mar 14 14:52:35 2014 L221.en_mac.R [ 1 ] : Writing ../emissions-data/level2//L222.MAC_NitricAcid_S_R_T.csv
[1] "../emissions-processing-code/xml-batch//batch_en_emissions.xml"
Fri Mar 14 14:52:35 2014 L221.en_mac.R [ 1 ] : Inserting ../emissions-data/level2//L222.MAC_NitricAcid_S_R_T.csv into ../emissions-processing-code/xml-batch//batch_en_emissions.xml using tag csvFile
Fri Mar 14 14:52:35 2014 L221.en_mac.R [ 1 ] : Writing ../emissions-data/level2//L222.MAC_NatGas_S_R_T.csv
[1] "../emissions-processing-code/xml-batch//batch_en_emissions.xml"
Fri Mar 14 14:52:35 2014 L221.en_mac.R [ 1 ] : Inserting ../emissions-data/level2//L222.MAC_NatGas_S_R_T.csv into ../emissions-processing-code/xml-batch//batch_en_emissions.xml using tag csvFile
Fri Mar 14 14:52:35 2014 L221.en_mac.R [ 1 ] : Writing dependency information for L221.en_mac.R ...
Fri Mar 14 14:52:35 2014 L221.en_mac.R [ 1 ] : All done with L221.en_mac.R
