Fri Mar 14 14:55:33 2014 L231.proc_sector.R [ 1 ] : -----
Fri Mar 14 14:55:33 2014 L231.proc_sector.R [ 1 ] : Starting L231.proc_sector.R
Fri Mar 14 14:55:33 2014 L231.proc_sector.R [ 1 ] : Historical emissions in the aglu system
Fri Mar 14 14:55:33 2014 L231.proc_sector.R [ 1 ] : Reading ../_common/assumptions//A_common_data.R...OK.
Fri Mar 14 14:55:33 2014 L231.proc_sector.R [ 1 ] : Reading ../_common/assumptions//level2_data_names.R...OK.
Fri Mar 14 14:55:33 2014 L231.proc_sector.R [ 1 ] : Reading ../modeltime-data/assumptions//A_modeltime_data.R...OK.
Fri Mar 14 14:55:33 2014 L231.proc_sector.R [ 1 ] : Reading ../emissions-data/assumptions//A_emissions_data.R...OK.
Fri Mar 14 14:55:33 2014 L231.proc_sector.R [ 1 ] : Reading ../energy-data/assumptions//A_energy_data.R...OK.
Fri Mar 14 14:55:33 2014 L231.proc_sector.R [ 1 ] : Reading ../_common/mappings//GCAM_region_names.csv...OK. 32 rows, 2 cols
Fri Mar 14 14:55:33 2014 L231.proc_sector.R [ 1 ] : Reading ../emissions-data/assumptions//A_regions.csv...OK. 32 rows, 5 cols
Fri Mar 14 14:55:33 2014 L231.proc_sector.R [ 1 ] : Reading ../emissions-data/assumptions//A31.rsrc_info.csv...OK. 1 rows, 11 cols
Fri Mar 14 14:55:33 2014 L231.proc_sector.R [ 1 ] : Reading ../emissions-data/assumptions//A31.sector.csv...OK. 2 rows, 5 cols
Fri Mar 14 14:55:33 2014 L231.proc_sector.R [ 1 ] : Reading ../emissions-data/assumptions//A31.subsector_logit.csv...OK. 11 rows, 3 cols
Fri Mar 14 14:55:33 2014 L231.proc_sector.R [ 1 ] : Reading ../emissions-data/assumptions//A31.subsector_shrwt.csv...OK. 12 rows, 5 cols
Fri Mar 14 14:55:33 2014 L231.proc_sector.R [ 1 ] : Reading ../emissions-data/assumptions//A31.subsector_interp.csv...OK. 11 rows, 7 cols
Fri Mar 14 14:55:33 2014 L231.proc_sector.R [ 1 ] : Reading ../emissions-data/assumptions//A31.globaltech_shrwt.csv...OK. 12 rows, 8 cols
Fri Mar 14 14:55:33 2014 L231.proc_sector.R [ 1 ] : Reading ../emissions-data/assumptions//A31.globaltech_eff.csv...OK. 12 rows, 13 cols
Fri Mar 14 14:55:33 2014 L231.proc_sector.R [ 1 ] : Reading ../emissions-data/assumptions//A31.globaltech_cost.csv...OK. 12 rows, 6 cols
Fri Mar 14 14:55:33 2014 L231.proc_sector.R [ 1 ] : Reading ../emissions-data/assumptions//A31.globaltech_coef.csv...OK. 12 rows, 6 cols
Fri Mar 14 14:55:33 2014 L231.proc_sector.R [ 1 ] : Reading ../energy-data/assumptions//A32.globaltech_eff.csv...OK. 15 rows, 14 cols
Fri Mar 14 14:55:33 2014 L231.proc_sector.R [ 1 ] : Reading ../emissions-data/mappings//GCAM_sector_tech.csv...OK. 370 rows, 15 cols
Fri Mar 14 14:55:33 2014 L231.proc_sector.R [ 1 ] : Reading ../energy-data/level1//L1322.in_EJ_R_indfeed_F_Yh.csv...OK. 96 rows, 43 cols
Fri Mar 14 14:55:33 2014 L231.proc_sector.R [ 1 ] : Reading ../energy-data/level1//L1322.in_EJ_R_indenergy_F_Yh.csv...OK. 165 rows, 43 cols
Fri Mar 14 14:55:33 2014 L231.proc_sector.R [ 1 ] : L231.FinalDemand_urb: Final demand information for urban processes sector
Fri Mar 14 14:55:33 2014 L231.proc_sector.R [ 1 ] : L231.Supplysector_ind: Supply sector information for urban & industrial processes sectors
Fri Mar 14 14:55:33 2014 L231.proc_sector.R [ 1 ] : L231.SubsectorLogit_urb_ind: Subsector logit exponents of urban & industrial processes sectors
Fri Mar 14 14:55:33 2014 L231.proc_sector.R [ 1 ] : L231.SubsectorShrwt_urb_ind and L231.SubsectorShrwtFllt_urb_ind: Subsector shareweights of urban & industrial processes sectors
Fri Mar 14 14:55:33 2014 L231.proc_sector.R [ 1 ] : L231.SubsectorInterp_urb_ind and L231.SubsectorInterpTo_urb_ind: Subsector shareweight interpolation of urban & industrial processes sector
Fri Mar 14 14:55:33 2014 L231.proc_sector.R [ 1 ] : L231.StubTech_urb_ind: Identification of stub technologies of urban & industrial processes sectors
Fri Mar 14 14:55:33 2014 L231.proc_sector.R [ 1 ] : L231.GlobalTechShrwt_urb_ind: Shareweights of global urban & industrial processes sector technologies
Fri Mar 14 14:55:33 2014 L231.proc_sector.R [ 1 ] : L231.GlobalTechEff_urb_ind: Energy inputs and coefficients of global urban & industrial processes technologies
Fri Mar 14 14:55:33 2014 L231.proc_sector.R [ 1 ] : L231.GlobalTechCoef_urb_ind: Energy inputs and coefficients of global urban & industrial processes technologies
Fri Mar 14 14:55:33 2014 L231.proc_sector.R [ 1 ] : L231.GlobalTechCost_urb_ind: Capital costs of global urban & industrial processes technologies
Fri Mar 14 14:55:33 2014 L231.proc_sector.R [ 1 ] : L231.StubTechCalInput_calvalue: calibrated input of urban & industrial processes technologies
Fri Mar 14 14:55:33 2014 L231.proc_sector.R [ 1 ] : L231.UnlimitRsrc: output unit, price unit, and market for unlimited resources
Fri Mar 14 14:55:33 2014 L231.proc_sector.R [ 1 ] : L231.UnlimitRsrcPrice: prices for unlimited resources
Fri Mar 14 14:55:33 2014 L231.proc_sector.R [ 1 ] : L231.IndCoef: coefficient on industrial processes as an input to the industry sector
Fri Mar 14 14:55:33 2014 L231.proc_sector.R [ 1 ] : Writing ../emissions-data/level2//L231.UnlimitRsrc.csv
[1] "../emissions-processing-code/xml-batch//batch_prc_sector.xml"
Fri Mar 14 14:55:33 2014 L231.proc_sector.R [ 1 ] : Inserting ../emissions-data/level2//L231.UnlimitRsrc.csv into ../emissions-processing-code/xml-batch//batch_prc_sector.xml using tag csvFile
Fri Mar 14 14:55:33 2014 L231.proc_sector.R [ 1 ] : ../emissions-data/level2//L231.UnlimitRsrc.csv found in ../emissions-processing-code/xml-batch//batch_prc_sector.xml 5 ; deleting
Fri Mar 14 14:55:33 2014 L231.proc_sector.R [ 1 ] : Writing ../emissions-data/level2//L231.UnlimitRsrcPrice.csv
[1] "../emissions-processing-code/xml-batch//batch_prc_sector.xml"
Fri Mar 14 14:55:33 2014 L231.proc_sector.R [ 1 ] : Inserting ../emissions-data/level2//L231.UnlimitRsrcPrice.csv into ../emissions-processing-code/xml-batch//batch_prc_sector.xml using tag csvFile
Fri Mar 14 14:55:33 2014 L231.proc_sector.R [ 1 ] : ../emissions-data/level2//L231.UnlimitRsrcPrice.csv found in ../emissions-processing-code/xml-batch//batch_prc_sector.xml 5 ; deleting
Fri Mar 14 14:55:33 2014 L231.proc_sector.R [ 1 ] : Writing ../emissions-data/level2//L231.FinalDemand_urb.csv
[1] "../emissions-processing-code/xml-batch//batch_prc_sector.xml"
Fri Mar 14 14:55:33 2014 L231.proc_sector.R [ 1 ] : Inserting ../emissions-data/level2//L231.FinalDemand_urb.csv into ../emissions-processing-code/xml-batch//batch_prc_sector.xml using tag csvFile
Fri Mar 14 14:55:33 2014 L231.proc_sector.R [ 1 ] : ../emissions-data/level2//L231.FinalDemand_urb.csv found in ../emissions-processing-code/xml-batch//batch_prc_sector.xml 5 ; deleting
Fri Mar 14 14:55:33 2014 L231.proc_sector.R [ 1 ] : Writing ../emissions-data/level2//L231.Supplysector_urb_ind.csv
[1] "../emissions-processing-code/xml-batch//batch_prc_sector.xml"
Fri Mar 14 14:55:33 2014 L231.proc_sector.R [ 1 ] : Inserting ../emissions-data/level2//L231.Supplysector_urb_ind.csv into ../emissions-processing-code/xml-batch//batch_prc_sector.xml using tag csvFile
Fri Mar 14 14:55:33 2014 L231.proc_sector.R [ 1 ] : ../emissions-data/level2//L231.Supplysector_urb_ind.csv found in ../emissions-processing-code/xml-batch//batch_prc_sector.xml 5 ; deleting
Fri Mar 14 14:55:33 2014 L231.proc_sector.R [ 1 ] : Writing ../emissions-data/level2//L231.SubsectorLogit_urb_ind.csv
[1] "../emissions-processing-code/xml-batch//batch_prc_sector.xml"
Fri Mar 14 14:55:33 2014 L231.proc_sector.R [ 1 ] : Inserting ../emissions-data/level2//L231.SubsectorLogit_urb_ind.csv into ../emissions-processing-code/xml-batch//batch_prc_sector.xml using tag csvFile
Fri Mar 14 14:55:33 2014 L231.proc_sector.R [ 1 ] : ../emissions-data/level2//L231.SubsectorLogit_urb_ind.csv found in ../emissions-processing-code/xml-batch//batch_prc_sector.xml 5 ; deleting
Fri Mar 14 14:55:33 2014 L231.proc_sector.R [ 1 ] : Writing ../emissions-data/level2//L231.SubsectorShrwtFllt_urb_ind.csv
[1] "../emissions-processing-code/xml-batch//batch_prc_sector.xml"
Fri Mar 14 14:55:33 2014 L231.proc_sector.R [ 1 ] : Inserting ../emissions-data/level2//L231.SubsectorShrwtFllt_urb_ind.csv into ../emissions-processing-code/xml-batch//batch_prc_sector.xml using tag csvFile
Fri Mar 14 14:55:33 2014 L231.proc_sector.R [ 1 ] : ../emissions-data/level2//L231.SubsectorShrwtFllt_urb_ind.csv found in ../emissions-processing-code/xml-batch//batch_prc_sector.xml 5 ; deleting
Fri Mar 14 14:55:33 2014 L231.proc_sector.R [ 1 ] : Writing ../emissions-data/level2//L231.SubsectorInterp_urb_ind.csv
[1] "../emissions-processing-code/xml-batch//batch_prc_sector.xml"
Fri Mar 14 14:55:33 2014 L231.proc_sector.R [ 1 ] : Inserting ../emissions-data/level2//L231.SubsectorInterp_urb_ind.csv into ../emissions-processing-code/xml-batch//batch_prc_sector.xml using tag csvFile
Fri Mar 14 14:55:33 2014 L231.proc_sector.R [ 1 ] : ../emissions-data/level2//L231.SubsectorInterp_urb_ind.csv found in ../emissions-processing-code/xml-batch//batch_prc_sector.xml 5 ; deleting
Fri Mar 14 14:55:33 2014 L231.proc_sector.R [ 1 ] : Writing ../emissions-data/level2//L231.StubTech_urb_ind.csv
[1] "../emissions-processing-code/xml-batch//batch_prc_sector.xml"
Fri Mar 14 14:55:33 2014 L231.proc_sector.R [ 1 ] : Inserting ../emissions-data/level2//L231.StubTech_urb_ind.csv into ../emissions-processing-code/xml-batch//batch_prc_sector.xml using tag csvFile
Fri Mar 14 14:55:33 2014 L231.proc_sector.R [ 1 ] : ../emissions-data/level2//L231.StubTech_urb_ind.csv found in ../emissions-processing-code/xml-batch//batch_prc_sector.xml 5 ; deleting
Fri Mar 14 14:55:33 2014 L231.proc_sector.R [ 1 ] : Writing ../emissions-data/level2//L231.GlobalTechShrwt_urb_ind.csv
[1] "../emissions-processing-code/xml-batch//batch_prc_sector.xml"
Fri Mar 14 14:55:33 2014 L231.proc_sector.R [ 1 ] : Inserting ../emissions-data/level2//L231.GlobalTechShrwt_urb_ind.csv into ../emissions-processing-code/xml-batch//batch_prc_sector.xml using tag csvFile
Fri Mar 14 14:55:33 2014 L231.proc_sector.R [ 1 ] : ../emissions-data/level2//L231.GlobalTechShrwt_urb_ind.csv found in ../emissions-processing-code/xml-batch//batch_prc_sector.xml 5 ; deleting
Fri Mar 14 14:55:33 2014 L231.proc_sector.R [ 1 ] : Writing ../emissions-data/level2//L231.GlobalTechEff_urb_ind.csv
[1] "../emissions-processing-code/xml-batch//batch_prc_sector.xml"
Fri Mar 14 14:55:33 2014 L231.proc_sector.R [ 1 ] : Inserting ../emissions-data/level2//L231.GlobalTechEff_urb_ind.csv into ../emissions-processing-code/xml-batch//batch_prc_sector.xml using tag csvFile
Fri Mar 14 14:55:33 2014 L231.proc_sector.R [ 1 ] : ../emissions-data/level2//L231.GlobalTechEff_urb_ind.csv found in ../emissions-processing-code/xml-batch//batch_prc_sector.xml 5 ; deleting
Fri Mar 14 14:55:33 2014 L231.proc_sector.R [ 1 ] : Writing ../emissions-data/level2//L231.GlobalTechCoef_urb_ind.csv
[1] "../emissions-processing-code/xml-batch//batch_prc_sector.xml"
Fri Mar 14 14:55:33 2014 L231.proc_sector.R [ 1 ] : Inserting ../emissions-data/level2//L231.GlobalTechCoef_urb_ind.csv into ../emissions-processing-code/xml-batch//batch_prc_sector.xml using tag csvFile
Fri Mar 14 14:55:33 2014 L231.proc_sector.R [ 1 ] : ../emissions-data/level2//L231.GlobalTechCoef_urb_ind.csv found in ../emissions-processing-code/xml-batch//batch_prc_sector.xml 5 ; deleting
Fri Mar 14 14:55:33 2014 L231.proc_sector.R [ 1 ] : Writing ../emissions-data/level2//L231.GlobalTechCost_urb_ind.csv
[1] "../emissions-processing-code/xml-batch//batch_prc_sector.xml"
Fri Mar 14 14:55:33 2014 L231.proc_sector.R [ 1 ] : Inserting ../emissions-data/level2//L231.GlobalTechCost_urb_ind.csv into ../emissions-processing-code/xml-batch//batch_prc_sector.xml using tag csvFile
Fri Mar 14 14:55:33 2014 L231.proc_sector.R [ 1 ] : ../emissions-data/level2//L231.GlobalTechCost_urb_ind.csv found in ../emissions-processing-code/xml-batch//batch_prc_sector.xml 5 ; deleting
Fri Mar 14 14:55:33 2014 L231.proc_sector.R [ 1 ] : Writing ../emissions-data/level2//L231.RegionalTechCalValue_urb_ind.csv
[1] "../emissions-processing-code/xml-batch//batch_prc_sector.xml"
Fri Mar 14 14:55:33 2014 L231.proc_sector.R [ 1 ] : Inserting ../emissions-data/level2//L231.RegionalTechCalValue_urb_ind.csv into ../emissions-processing-code/xml-batch//batch_prc_sector.xml using tag csvFile
Fri Mar 14 14:55:33 2014 L231.proc_sector.R [ 1 ] : ../emissions-data/level2//L231.RegionalTechCalValue_urb_ind.csv found in ../emissions-processing-code/xml-batch//batch_prc_sector.xml 5 ; deleting
Fri Mar 14 14:55:33 2014 L231.proc_sector.R [ 1 ] : Writing ../emissions-data/level2//L231.IndCoef.csv
[1] "../emissions-processing-code/xml-batch//batch_prc_sector.xml"
Fri Mar 14 14:55:33 2014 L231.proc_sector.R [ 1 ] : Inserting ../emissions-data/level2//L231.IndCoef.csv into ../emissions-processing-code/xml-batch//batch_prc_sector.xml using tag csvFile
Fri Mar 14 14:55:33 2014 L231.proc_sector.R [ 1 ] : ../emissions-data/level2//L231.IndCoef.csv found in ../emissions-processing-code/xml-batch//batch_prc_sector.xml 5 ; deleting
[1] "../emissions-processing-code/xml-batch//batch_prc_sector.xml"
Fri Mar 14 14:55:33 2014 L231.proc_sector.R [ 1 ] : Inserting ../xml/emissions-xml//ind_urb_processing_sectors.xml into ../emissions-processing-code/xml-batch//batch_prc_sector.xml using tag outFile
Fri Mar 14 14:55:33 2014 L231.proc_sector.R [ 1 ] : ../xml/emissions-xml//ind_urb_processing_sectors.xml found in ../emissions-processing-code/xml-batch//batch_prc_sector.xml 5 ; deleting
Fri Mar 14 14:55:33 2014 L231.proc_sector.R [ 1 ] : Writing dependency information for L231.proc_sector.R ...
Fri Mar 14 14:55:33 2014 L231.proc_sector.R [ 1 ] : All done with L231.proc_sector.R
