Fri Mar 14 14:52:38 2014 L232.prc_nonco2.R [ 1 ] : -----
Fri Mar 14 14:52:38 2014 L232.prc_nonco2.R [ 1 ] : Starting L232.prc_nonco2.R
Fri Mar 14 14:52:38 2014 L232.prc_nonco2.R [ 1 ] : Historical emissions for industrial & urban processes
Fri Mar 14 14:52:38 2014 L232.prc_nonco2.R [ 1 ] : Reading ../_common/assumptions//A_common_data.R...OK.
Fri Mar 14 14:52:38 2014 L232.prc_nonco2.R [ 1 ] : Reading ../_common/assumptions//level2_data_names.R...OK.
Fri Mar 14 14:52:38 2014 L232.prc_nonco2.R [ 1 ] : Reading ../modeltime-data/assumptions//A_modeltime_data.R...OK.
Fri Mar 14 14:52:38 2014 L232.prc_nonco2.R [ 1 ] : Reading ../emissions-data/assumptions//A_emissions_data.R...OK.
Fri Mar 14 14:52:38 2014 L232.prc_nonco2.R [ 1 ] : Reading ../_common/mappings//GCAM_region_names.csv...OK. 32 rows, 2 cols
Fri Mar 14 14:52:38 2014 L232.prc_nonco2.R [ 1 ] : Reading ../emissions-data/assumptions//A_regions.csv...OK. 32 rows, 5 cols
Fri Mar 14 14:52:38 2014 L232.prc_nonco2.R [ 1 ] : Reading ../emissions-data/level1//L131.nonco2_tg_R_prc_S_S_Yh.csv...OK. 1045 rows, 43 cols
Fri Mar 14 14:52:38 2014 L232.prc_nonco2.R [ 1 ] : Reading ../emissions-data/assumptions//A32.max_reduction.csv...OK. 11 rows, 9 cols
Fri Mar 14 14:52:38 2014 L232.prc_nonco2.R [ 1 ] : Reading ../emissions-data/assumptions//A32.steepness.csv...OK. 11 rows, 9 cols
Fri Mar 14 14:52:38 2014 L232.prc_nonco2.R [ 1 ] : L232.nonco2_prc: Pollutant emissions for energy technologies in all regions
Fri Mar 14 14:52:39 2014 L232.prc_nonco2.R [ 1 ] : L232.nonco2_max_reduction: maximum reduction for energy technologies in all regions
Fri Mar 14 14:52:39 2014 L232.prc_nonco2.R [ 1 ] : L232.nonco2_steepness: steepness of reduction for energy technologies in all regions
Fri Mar 14 14:52:39 2014 L232.prc_nonco2.R [ 1 ] : Rename to regional SO2
Fri Mar 14 14:52:39 2014 L232.prc_nonco2.R [ 1 ] : Writing ../emissions-data/level2//L232.nonco2_prc.csv
[1] "../emissions-processing-code/xml-batch//batch_en_emissions.xml"
Fri Mar 14 14:52:39 2014 L232.prc_nonco2.R [ 1 ] : Inserting ../emissions-data/level2//L232.nonco2_prc.csv into ../emissions-processing-code/xml-batch//batch_en_emissions.xml using tag csvFile
Fri Mar 14 14:52:39 2014 L232.prc_nonco2.R [ 1 ] : Writing ../emissions-data/level2//L232.nonco2_max_reduction.csv
[1] "../emissions-processing-code/xml-batch//batch_en_emissions.xml"
Fri Mar 14 14:52:39 2014 L232.prc_nonco2.R [ 1 ] : Inserting ../emissions-data/level2//L232.nonco2_max_reduction.csv into ../emissions-processing-code/xml-batch//batch_en_emissions.xml using tag csvFile
Fri Mar 14 14:52:39 2014 L232.prc_nonco2.R [ 1 ] : Writing ../emissions-data/level2//L232.nonco2_steepness.csv
[1] "../emissions-processing-code/xml-batch//batch_en_emissions.xml"
Fri Mar 14 14:52:39 2014 L232.prc_nonco2.R [ 1 ] : Inserting ../emissions-data/level2//L232.nonco2_steepness.csv into ../emissions-processing-code/xml-batch//batch_en_emissions.xml using tag csvFile
Fri Mar 14 14:52:39 2014 L232.prc_nonco2.R [ 1 ] : Writing dependency information for L232.prc_nonco2.R ...
Fri Mar 14 14:52:39 2014 L232.prc_nonco2.R [ 1 ] : All done with L232.prc_nonco2.R
