Fri Mar 14 14:52:41 2014 L241.fgas.R [ 1 ] : -----
Fri Mar 14 14:52:41 2014 L241.fgas.R [ 1 ] : Starting L241.fgas.R
Fri Mar 14 14:52:41 2014 L241.fgas.R [ 1 ] : Historical emissions for industrial & urban processes
Fri Mar 14 14:52:41 2014 L241.fgas.R [ 1 ] : Reading ../_common/assumptions//A_common_data.R...OK.
Fri Mar 14 14:52:41 2014 L241.fgas.R [ 1 ] : Reading ../_common/assumptions//level2_data_names.R...OK.
Fri Mar 14 14:52:41 2014 L241.fgas.R [ 1 ] : Reading ../modeltime-data/assumptions//A_modeltime_data.R...OK.
Fri Mar 14 14:52:41 2014 L241.fgas.R [ 1 ] : Reading ../emissions-data/assumptions//A_emissions_data.R...OK.
Fri Mar 14 14:52:41 2014 L241.fgas.R [ 1 ] : Reading ../_common/mappings//GCAM_region_names.csv...OK. 32 rows, 2 cols
Fri Mar 14 14:52:41 2014 L241.fgas.R [ 1 ] : Reading ../emissions-data/assumptions//A_regions.csv...OK. 32 rows, 5 cols
Fri Mar 14 14:52:41 2014 L241.fgas.R [ 1 ] : Reading ../emissions-data/level1//L142.fgas_tg_R_S_Yh.csv...OK. 1179 rows, 43 cols
Fri Mar 14 14:52:41 2014 L241.fgas.R [ 1 ] : L241.fgas: F-gas emissions for technologies in all regions
Fri Mar 14 14:52:42 2014 L241.fgas.R [ 1 ] : Writing ../emissions-data/level2//L241.fgas_all.csv
[1] "../emissions-processing-code/xml-batch//batch_fgas_emissions.xml"
Fri Mar 14 14:52:42 2014 L241.fgas.R [ 1 ] : Creating batch_fgas_emissions.xml from ../_common/headers//batch_xml_template.xml
Fri Mar 14 14:52:42 2014 L241.fgas.R [ 1 ] : Inserting ../_common/headers//ModelInterface_headers.txt into ../emissions-processing-code/xml-batch//batch_fgas_emissions.xml using tag headerFile
Fri Mar 14 14:52:42 2014 L241.fgas.R [ 1 ] : Inserting ../emissions-data/level2//L241.fgas_all.csv into ../emissions-processing-code/xml-batch//batch_fgas_emissions.xml using tag csvFile
[1] "../emissions-processing-code/xml-batch//batch_fgas_emissions.xml"
Fri Mar 14 14:52:42 2014 L241.fgas.R [ 1 ] : Inserting ../xml/emissions-xml//all_fgas_emissions.xml into ../emissions-processing-code/xml-batch//batch_fgas_emissions.xml using tag outFile
Fri Mar 14 14:52:42 2014 L241.fgas.R [ 1 ] : Writing dependency information for L241.fgas.R ...
Fri Mar 14 14:52:42 2014 L241.fgas.R [ 1 ] : All done with L241.fgas.R
