Fri Mar 14 14:55:34 2014 L241.en_newtech_nonco2.R [ 1 ] : -----
Fri Mar 14 14:55:34 2014 L241.en_newtech_nonco2.R [ 1 ] : Starting L241.en_newtech_nonco2.R
Fri Mar 14 14:55:34 2014 L241.en_newtech_nonco2.R [ 1 ] : Emissions factors for new technologies in the energy system
Fri Mar 14 14:55:34 2014 L241.en_newtech_nonco2.R [ 1 ] : Reading ../_common/assumptions//A_common_data.R...OK.
Fri Mar 14 14:55:34 2014 L241.en_newtech_nonco2.R [ 1 ] : Reading ../_common/assumptions//level2_data_names.R...OK.
Fri Mar 14 14:55:34 2014 L241.en_newtech_nonco2.R [ 1 ] : Reading ../modeltime-data/assumptions//A_modeltime_data.R...OK.
Fri Mar 14 14:55:34 2014 L241.en_newtech_nonco2.R [ 1 ] : Reading ../emissions-data/assumptions//A_emissions_data.R...OK.
Fri Mar 14 14:55:34 2014 L241.en_newtech_nonco2.R [ 1 ] : Reading ../_common/mappings//GCAM_region_names.csv...OK. 32 rows, 2 cols
Fri Mar 14 14:55:34 2014 L241.en_newtech_nonco2.R [ 1 ] : Reading ../emissions-data/assumptions//A_regions.csv...OK. 32 rows, 5 cols
Fri Mar 14 14:55:34 2014 L241.en_newtech_nonco2.R [ 1 ] : Reading ../emissions-data/assumptions//A41.tech_coeff.csv...OK. 28 rows, 13 cols
Fri Mar 14 14:55:34 2014 L241.en_newtech_nonco2.R [ 1 ] : Reading ../emissions-data/assumptions//A51.max_reduction.csv...OK. 113 rows, 9 cols
Fri Mar 14 14:55:34 2014 L241.en_newtech_nonco2.R [ 1 ] : Reading ../emissions-data/assumptions//A51.steepness.csv...OK. 113 rows, 9 cols
Fri Mar 14 14:55:34 2014 L241.en_newtech_nonco2.R [ 1 ] : Reading ../emissions-data/level1//L111.nonghg_tgej_R_en_S_F_Yh.csv...OK. 7200 rows, 45 cols
Fri Mar 14 14:55:34 2014 L241.en_newtech_nonco2.R [ 1 ] : Reading ../emissions-data/level1//L112.ghg_tgej_R_en_S_F_Yh.csv...OK. 2496 rows, 43 cols
Fri Mar 14 14:55:34 2014 L241.en_newtech_nonco2.R [ 1 ] : L241.nonco2_tech_coeff: emissions factors for new energy technologies in all regions
Fri Mar 14 14:55:35 2014 L241.en_newtech_nonco2.R [ 1 ] : L241.nonghg_max_reduction: maximum reduction for energy technologies in all regions
Fri Mar 14 14:55:35 2014 L241.en_newtech_nonco2.R [ 1 ] : L241.nonghg_steepness: steepness of reduction for energy technologies in all regions
Fri Mar 14 14:55:35 2014 L241.en_newtech_nonco2.R [ 1 ] : Rename to regional SO2
Fri Mar 14 14:55:35 2014 L241.en_newtech_nonco2.R [ 1 ] : Writing ../emissions-data/level2//L241.nonco2_tech_coeff.csv
[1] "../emissions-processing-code/xml-batch//batch_en_emissions.xml"
Fri Mar 14 14:55:35 2014 L241.en_newtech_nonco2.R [ 1 ] : Inserting ../emissions-data/level2//L241.nonco2_tech_coeff.csv into ../emissions-processing-code/xml-batch//batch_en_emissions.xml using tag csvFile
Fri Mar 14 14:55:35 2014 L241.en_newtech_nonco2.R [ 1 ] : ../emissions-data/level2//L241.nonco2_tech_coeff.csv found in ../emissions-processing-code/xml-batch//batch_en_emissions.xml 11 ; deleting
Fri Mar 14 14:55:35 2014 L241.en_newtech_nonco2.R [ 1 ] : Writing ../emissions-data/level2//L241.nonco2_max_reduction.csv
[1] "../emissions-processing-code/xml-batch//batch_en_emissions.xml"
Fri Mar 14 14:55:35 2014 L241.en_newtech_nonco2.R [ 1 ] : Inserting ../emissions-data/level2//L241.nonco2_max_reduction.csv into ../emissions-processing-code/xml-batch//batch_en_emissions.xml using tag csvFile
Fri Mar 14 14:55:35 2014 L241.en_newtech_nonco2.R [ 1 ] : ../emissions-data/level2//L241.nonco2_max_reduction.csv found in ../emissions-processing-code/xml-batch//batch_en_emissions.xml 11 ; deleting
Fri Mar 14 14:55:35 2014 L241.en_newtech_nonco2.R [ 1 ] : Writing ../emissions-data/level2//L241.nonco2_steepness.csv
[1] "../emissions-processing-code/xml-batch//batch_en_emissions.xml"
Fri Mar 14 14:55:35 2014 L241.en_newtech_nonco2.R [ 1 ] : Inserting ../emissions-data/level2//L241.nonco2_steepness.csv into ../emissions-processing-code/xml-batch//batch_en_emissions.xml using tag csvFile
Fri Mar 14 14:55:35 2014 L241.en_newtech_nonco2.R [ 1 ] : ../emissions-data/level2//L241.nonco2_steepness.csv found in ../emissions-processing-code/xml-batch//batch_en_emissions.xml 11 ; deleting
[1] "../emissions-processing-code/xml-batch//batch_en_emissions.xml"
Fri Mar 14 14:55:35 2014 L241.en_newtech_nonco2.R [ 1 ] : Inserting ../xml/emissions-xml//all_energy_emissions.xml into ../emissions-processing-code/xml-batch//batch_en_emissions.xml using tag outFile
Fri Mar 14 14:55:35 2014 L241.en_newtech_nonco2.R [ 1 ] : ../xml/emissions-xml//all_energy_emissions.xml found in ../emissions-processing-code/xml-batch//batch_en_emissions.xml 11 ; deleting
Fri Mar 14 14:55:35 2014 L241.en_newtech_nonco2.R [ 1 ] : Writing dependency information for L241.en_newtech_nonco2.R ...
Fri Mar 14 14:55:35 2014 L241.en_newtech_nonco2.R [ 1 ] : All done with L241.en_newtech_nonco2.R
